rs149545977
rs190326433
rs113185937
rs144123876
rs547211873
rs560621397
rs181490826
rs186134935
rs5859157
rs5859157
rs5859157
rs569253394
rs6830368
rs551887730
rs539310244
rs533785575
rs553556325
rs4518318
rs556012038
rs4351079
rs544668407
rs565038180
rs4607293
rs541086023
rs560682294
rs529480551
rs549723711
rs563022264
rs148677308
rs397934734
rs551484444
rs4602564
rs547453943
rs199842625
chr4:69911656GTA-GTATATA;chr4:69911656G-GTATA
chr4:69911656GTA-GTATATA;chr4:69911656G-GTATA
chr4:69911656GTA-GTATATA;chr4:69911656G-GTATA
chr4:69911656GTA-GTATATA;chr4:69911656G-GTATA
rs536017086
rs142143802
rs576254442
rs538878943
chr4:69911753T-A
rs558275724
rs571970666
rs373463398
rs560940557
rs574315627
rs146815468
rs139589229
rs531917561
rs545644787
rs565151821
rs527652391
rs752609833
rs547513104
rs567406724
rs184088995
rs187833561
rs115871218
rs538571102
rs144209526
rs565706012
rs534581324
rs190923981
rs113009745
rs543461593
rs556490452
rs544288397
rs183189007
rs565553086
rs527714264
rs146557389
rs140923298
rs150283083
rs186911874
rs191710251
rs532310404
rs193242184
rs534654628
rs554612041
rs370937152
rs536764666
rs556991882
rs576589930
rs558864271
rs145861487
rs528148296
rs541285973
rs560961724
rs148983521
rs543578366
rs563785809
rs185686859
rs147076510
chr4:69913535C-A
rs559545769
rs528407746
rs189364802
rs540217740
rs537082443
rs537029380
rs180763200
rs570517302
rs538909478
rs539238757
rs572269885
rs530627890
rs188519394
rs574773178
rs545981630
rs563675902
rs78146479
rs546282312
rs181288617
rs10012240
rs561948420
rs370466110
rs10009634
rs570312040
rs539536017
rs546259502
rs565960875
rs28694130
rs554881240
rs7442486
rs10012607
rs190802415
rs577133008
rs570243231
rs553483716
rs76080539
rs541924329
rs544642123
rs561880461
rs142734342
rs4618379
chr4:69915007T-C
rs182329515
rs532744986
rs146953652
rs566218401
rs528705263
rs147989524
rs568522374
rs187328168
rs557346075
rs570855079
rs542452972
rs192400721
rs573372276
chr4:69915328A-C
rs542297321
rs7690884
rs182441088
rs7672562
rs141628952
rs532802284
rs186657713
rs561854432
rs527730448
rs190081551
rs182671746
rs374517855
rs551294649
chr4:69915861G-A
rs571047674
rs116831364
rs187306678
chr4:69916023C-G
rs535974549
rs540934642
rs555556070
rs575430273
rs537632325
rs558076030
rs192956536
rs533710419
rs7438808
rs114586701
rs547958618
rs542738254
rs185365819
rs188638639
rs550891680
rs5859158
rs564624534
chr4:69916678C-T
rs193262145
rs547285590
rs566899629
rs183612723
rs549496917
rs560845352
rs375875123
rs557676166
rs577381692
chr4:69916849C-T
rs150590813
rs553630625
rs573339760
rs542251636
rs139596411
rs115674975
rs528415423
rs4422474
rs533543138
rs4377650
rs112968185
rs529332967
rs549108461
rs146232321
rs191754050
rs184297532
rs571138922
rs533725735
rs139287645
rs567220366
rs536499969
rs555896587
rs11935951
rs112814346
rs544803501
rs558669023
rs578235009
rs540826426
rs560619096
rs529566327
rs190161838
rs562759838
rs568897734
rs181619537
chr4:69917642G-A
rs571400341
rs187040216
chr4:69917666T-G
rs144323043
rs561538586
rs556396580
rs569583236
rs558732278
rs10021748
rs541084223
rs148727853
rs111993925
rs563183671
rs531651998
rs111724091
chr4:69918051CAG-C
rs533188837
rs59732068
rs567372529
chr4:69918187G-GT
rs142346685
rs529881512
rs549846375
rs72851338
rs538889186
rs552209316
rs190189428
rs554625962
chr4:69918421C-T
rs574187796
rs536845446
rs112035404
rs60212682
rs185036845
rs564952951
rs140589749
rs541157069
rs547196441
rs57386454
rs549950920
rs12507556
rs532461351
rs552469822
rs182452110
chr4:69918829A-G
rs575973782
rs555578430
rs185351086
rs568147106
rs536703382
rs191482153
rs9715099
rs183256797
rs114578846
rs572146768
rs188674293
rs561080403
chr4:69919157G-T
rs574885257
rs193094262
rs563516676
rs532321654
rs552532807
rs183543850
chr4:69919293C-T
rs28801471
rs548173775
rs567926731
rs530646708
rs569944817
rs558868362
rs186736770
rs534965425
rs554964312
rs112965614
rs543921382
rs557473364
chr4:69919693A-G
rs189444695
rs559544174
rs528398564
rs541723981
rs561746696
rs142517101
rs550686339
rs570208411
rs532816053
rs192936328
rs112384914
rs535346356
rs185147234
rs568474587
rs537039924
rs137979177
rs190389560
rs202002193
rs553222469
rs181826810
rs186374863
rs530571006
rs6850053
rs532877175
rs143010858
rs559549382
rs180717542
rs372481521
rs148276565
rs537704644
rs551005047
rs570824948
rs539963674
rs186122585
rs190989180
rs541779705
rs575456575
rs183456101
rs563758553
rs577195952
rs186715552
rs559981082
rs528729951
rs562269194
rs531247822
rs79013872
rs375347260
rs547158740
rs566851514
rs535900610
rs115495560
rs575365170
rs537773830
rs557614517
rs141885085
rs116085328
rs114855758
chr4:69921398G-A
rs531107864
rs544958012
rs564762805
rs187792933
rs142551282
rs192573271
rs529387809
rs182133271
rs557930184
rs578066860
rs557675844
rs145338673
rs200513447
rs533797246
rs553504549
rs187888997
rs542386501
rs4307027
rs575953141
rs544819731
rs564626164
rs192668156
rs574103842
chr4:69922088C-T
rs560311324
rs185013525
rs562525413
rs531646834
rs551170002
rs535283340
chr4:69922233A-G
rs571076255
rs116196354
rs150643646
rs4481286
rs4583828
chr4:69922388G-C
chr4:69922409A-G
rs552869218
rs4235113
rs558403070
rs191965093
rs184384988
rs573996603
rs543010050
rs4343788
rs531708806
rs551434422
chr4:69922577T-C
rs4235114
rs527466336
rs547417646
rs567550900
rs4694591
rs549814385
chr4:69923003T-C
rs569638981
rs538765453
rs558667066
rs375941444
rs12508596
rs189168260
rs144660320
rs562564688
rs576008237
rs545132432
rs564911110
rs527542667
rs547574304
rs181886515
rs189619904
rs12507173
rs368394041
rs148504509
rs181228247
rs6600865
rs565770081
rs534379184
rs6600866
rs567732514
rs145693805
rs556424807
rs576069184
chr4:69923972C-T
rs147745313
rs558635774
rs572513942
rs532081778
rs186691349
rs58174838
rs79797688
rs542959624
rs77813208
rs150962550
rs528211353
rs140758173
rs765017693
rs567885288
rs181499519
rs556489060
rs377540095
rs538906907
rs186142920
rs572326109
rs541547374
rs554753387
chr4:69924949A-G
rs574729917
rs4403111
rs116224681
rs532461679
rs546090807
rs7438033
rs116709931
chr4:69925104G-C
rs150109576
rs568060627
rs138397731
rs140232289
rs569883266
rs190857544
rs552576680
rs145603060
rs183532401
rs554900300
rs10014355
rs75191348
rs557214237
rs201957854
rs149855137
rs191133161
rs546114301
rs115311782
chr4:69925475A-C
rs188123528
rs561310733
rs191713266
rs550235493
rs567804979
chr4:69925580C-G
rs532556789
rs552877401
rs184178060
rs535282723
rs138087878
rs568435620
rs573213751
rs557475583
rs187528752
rs539253743
rs553085988
rs142567014
rs144009563
rs561371694
rs574874474
rs148329406
rs563831922
rs75542137
rs189088242
rs528802692
rs548842415
rs568501128
rs577178936
rs180777225
rs570961417
rs79325920
rs552909208
rs566633748
chr4:69926418G-A
chr4:69926422G-C
rs556372947
chr4:69926548A-G
rs3922514
rs184416860
rs150845883
chr4:69926697G-T
rs28775401
rs573437290
rs540293599
rs559725203
rs528668460
rs116537499
rs562366181
rs75337015
rs188525293
rs570793522
rs533290157
rs186092753
rs190760471
rs187257959
rs187257959
rs139923090
rs557352629
chr4:69927097C-T
rs577543259
rs539987934
rs553821257
rs563703561
rs573406095
rs542444573
chr4:69927393A-C
rs61162302
rs182643105
rs186663978
rs564353452
rs4299663
chr4:69927523A-G
rs143827364
rs190093686
rs568682156
rs74837648
rs551638065
rs182680119
rs533779935
rs147329111
rs187316316
rs536319534
rs556020532
rs544958063
rs7662632
rs192218639
rs183531889
rs560250882
rs188925177
rs193110507
rs184271077
rs140991348
rs188480253
rs144835970
rs191714977
rs373723580
rs145831461
rs28821804
rs556279789
rs188753935
rs538440883
rs558026032
rs578207284
chr4:69928603G-C
chr4:69928617C-G
rs6820734
rs148553865
chr4:69928749T-G
rs542753762
rs562639384
rs531648702
rs34438793
rs545197335
rs564898131
rs527607294
rs370310508
rs567306630
rs529707112
rs549951602
rs569774107
rs11249521
rs558350250
rs112627510
rs534542543
rs111503495
rs556109411
chr4:69929045A-AAAAAAGG
chr4:69929047A-AAAAGAAAG
rs74940828
rs185042807
rs542615000
chr4:69929123A-G
rs556097466
rs373223398
rs545143676
rs565118324
rs527481542
rs541358163
rs561166703
rs182455438
rs60814050
rs569640560
chr4:69929493G-A
rs185358386
rs571849943
rs73823805
rs553901802
chr4:69929611A-G
rs569435598
rs536514637
rs191252291
rs576338044
rs558776248
rs572254851
chr4:69929741A-G
rs540874603
rs72851371
rs574804700
chr4:69929788A-AAG
rs112391559
chr4:69929814G-GAA
rs754723956
rs563304949
rs55725814
rs552295367
chr4:69929872G-C
rs552188270
chr4:69929923G-A
rs528147205
rs547600433
rs112148447
rs536577153
rs550047473
rs146523687
rs141080882
chr4:69930169G-C
rs114950957
rs572460853
rs535090867
rs554829554
rs574667148
rs6827692
rs563431569
rs577020526
rs188397962
rs529572230
chr4:69930525C-A
rs150163076
rs186685939
rs114103357
rs561182082
rs530223486
rs191306166
rs570259002
rs539281771
rs552308082
rs555089599
rs536832210
rs537244659
rs557078199
rs11945705
rs544759848
rs552723027
chr4:69931308G-A
rs369813587
rs541566590
rs183845910
rs76147190
rs543667474
rs563875459
rs532719932
rs10030066
rs376497493
rs528489567
rs188511286
chr4:69931810A-T
rs192711000
rs537507720
rs138606873
rs185269072
rs190150284
rs182323425
rs572555836
rs186384448
rs555081667
rs574874686
rs544220056
rs563796709
rs533968432
rs149297455
rs59970425
rs189413598
rs180724553
rs143733325
rs568596481
rs185121342
rs191247836
rs138358887
rs183224420
rs115536709
rs77802598
rs143854123
rs9991142
rs557739716
rs577614405
rs186940770
rs560123957
rs4434329
rs191691477
rs562129880
rs183098282
rs147235633
rs4259121
rs533209198
rs546471966
rs566455547
rs535241202
rs548778656
rs557610572
rs187741879
rs533581564
rs72642961
rs72851379
rs542401365
rs562268759
rs191066392
rs115775173
rs182098695
rs62296919
rs546608869
rs559978275
rs529155990
rs548915509
rs569025657
rs187767711
rs551435746
rs571275705
rs141590136
rs114821124
rs567121708
rs536151787
rs7441402
rs575775563
rs544504700
rs567152791
rs58077880
rs540190035
rs578235288
rs560113264
rs139379313
rs542499844
rs562668881
rs150025114
rs551302614
rs146696123
rs77902165
rs7439098
chr4:69934066T-C
rs567259690
rs4694159
rs556001380
rs569470458
rs192894029
rs4694596
rs139170425
rs4694597
rs143997783
rs115941164
rs542635213
rs4694160
rs531516226
rs184913561
rs188574224
rs76671179
rs184394821
rs189174000
rs7439419
rs372073567
rs549524687
rs539198098
rs538155747
rs181894106
rs7658748
rs534153239
rs140778336
rs183619692
rs543888406
rs60930838
rs189345775
rs56142573
rs7687336
rs7659138
rs549897736
rs7674573
rs140309377
rs117571392
rs7674600
rs60451127
rs11249522
rs547594441
rs77087824
rs150338410
rs556656528
rs58655780
rs539048970
rs76316301
rs72501227
rs28615825
rs74980436
rs72642963
rs543138323
rs563427222
rs531985976
rs545800316
rs181259013
chr4:69935824G-C
rs573803568
rs527982505
rs200385797
rs186229040
chr4:69936011A-G
rs7438042
rs372352562
rs191473742
rs570153304
rs376004486
rs538619657
rs35601781
rs558998744
rs565932456
rs534909169
rs4235115
rs558650015
rs143930107
rs114850176
rs72851394
rs545347294
rs115305229
rs528116230
rs186099826
rs530204118
rs74798454
rs4694602
rs4694603
rs566066887
rs191019321
rs183538859
rs550094587
rs539366942
rs536806506
rs557123128
rs4400060
rs187804222
rs552683968
rs116565560
rs561386631
rs190891359
rs4400061
rs4446390
rs532789757
chr4:69937090G-T
rs111909043
rs559909895
rs528462886
rs182938145
rs568219969
rs113554367
chr4:69937352A-G
rs537912245
rs7434389
rs552622274
rs187849726
rs191723982
rs556228199
rs149347658
rs544080636
rs77430191
rs575850181
rs546437844
rs58496756
rs528600711
rs7660019
rs7660021
rs116382689
rs144844418
rs115699502
rs184184978
rs7687725
rs555209257
rs187536403
rs4516791
rs577623783
rs557420802
rs546372600
rs185701792
rs4694604
rs4694605
rs28454605
rs28684869
rs190712349
rs558513192
rs180729954
rs4694607
rs116632077
rs184504459
rs568877926
rs537810959
rs78136310
rs553737977
rs573452290
rs555796339
rs4410590
rs544546047
rs4611997
rs533193145
rs181423821
rs560040049
rs186053388
rs114419747
rs568891405
rs531303720
rs528156650
rs190770668
rs533799881
rs4412058
rs13102089
rs33927176
rs115938490
rs555682376
rs575839068
rs537942763
rs557861933
rs577588916
rs569414022
rs559978227
rs573858217
rs542954999
rs181880011
rs551481164
rs7654272
rs6600867
rs140122090
rs567106642
rs535768173
rs187044670
rs569334740
rs538074506
rs192383273
rs562801288
rs200184215
rs11940103
rs116572256
rs182353789
rs11418782
rs542391950
rs186116582
rs190061160
rs576130382
rs545238772
rs79705388
rs80250795
rs547559427
rs547489316
rs529725684
rs549388321
rs182692371
rs551565478
rs571558188
rs534019495
rs72852416
rs567531880
rs114556241
rs556148013
rs576413432
rs545177509
rs558781645
rs187286893
rs78809548
rs78809548
rs12646327
rs12648808
rs562995762
rs74666184
rs12648830
rs571492287
rs117987846
rs567765323
rs540543056
rs183766723
rs570110621
rs538925585
rs144060061
rs75414563
rs564681653
rs554328805
rs574481280
rs369650317
rs563289831
rs112899361
rs188599902
rs145630244
rs6600868
rs6600868
rs6600869
rs6600870
rs539060237
rs552469847
rs116574876
rs534473750
rs554748695
rs574588467
rs148893289
rs532146561
rs536149525
rs565199202
rs145287042
rs28410179
rs12249033
rs7441365
rs7442394
rs563793167
rs140447752
rs184318060
rs188472277
rs150395224
rs568223919
rs536872429
rs556606204
rs191706200
rs538999071
rs113464712
rs572790134
rs541696022
rs561448098
rs184295424
rs544044214
rs55778959
rs532650933
rs552747964
rs559686093
chr4:69942481C-T
rs188737617
rs146146920
rs568281702
rs530693325
rs181511157
rs186977754
rs113506640
rs552681766
rs142136284
rs527995867
rs145973374
rs151336251
rs575039217
rs557581056
rs10030478
rs546298611
rs559616795
rs140219027
rs140219027
rs182554502
rs541870745
rs185932826
rs150727101
rs111746767
rs570294800
rs189814938
rs182465642
rs566460167
rs535387124
rs140868340
rs141777932
rs7673111
rs368135761
rs57562419
rs7691361
rs7691362
rs573262174
rs202065449
rs7673294
rs530845242
rs564059394
rs532927548
rs546487213
rs560145769
rs550638265
rs568849636
rs145772309
rs116174957
rs185366635
rs9993579
rs190128098
rs555855944
rs575203169
rs183287657
rs563998261
rs577517492
rs148094577
rs188827394
chr4:69943790T-C
rs193095406
rs140934646
rs184166161
rs531295665
rs7692377
rs571313600
rs539737478
rs61612343
rs566928227
rs536066448
rs145185925
rs370420131
rs138995331
rs7659987
chr4:69944052C-T
rs577655186
rs145770426
rs138261568
rs573720164
rs542819898
rs7679418
rs75749285
rs545167232
rs527307155
rs117957380
rs186734837
rs529425761
rs549168924
rs7666894
rs191289009
rs7680156
rs7698430
rs534214942
rs553742803
rs573885070
rs542605757
rs538616015
rs371898553
rs144492784
rs527255214
rs541027557
rs148413165
rs549305963
rs183873418
rs7657426
rs78748694
rs573716844
rs4694611
rs58965335
rs567596152
rs367974040
rs556524248
rs4694612
rs545236951
rs143376414
rs572109442
rs540815340
rs56879009
rs565179110
rs542886789
rs72852450
rs188488868
rs147219495
rs192929250
rs185126089
rs538007242
rs547610761
rs548763933
rs536664116
rs550063496
rs55644315
rs569972882
rs538789433
rs558712769
rs572187145
rs190416484
rs4632729
rs532374966
rs552151136
rs567088849
rs565462375
rs547839365
rs114130395
rs62296922
rs570110600
rs11934762
rs552222107
rs534533756
rs554609835
rs567819338
rs367974444
rs576467336
rs186396811
rs11249523
rs11249524
rs541272719
rs561315759
rs530212592
rs144427473
rs189372389
rs532578306
rs552417781
rs565846535
rs528244641
rs11249525
rs11249526
rs572221449
rs536735943
rs556667979
rs180691869
rs201078418
rs139136168
rs185125293
rs541753599
rs555191684
rs575119409
rs7674851
rs563793469
rs150022223
rs7679550
rs190077349
rs528366816
rs5859159
rs201021501
rs548501123
rs567894559
rs4478248
rs74935937
rs72642965
rs539369521
rs566501155
rs114578488
rs555328621
rs575058789
rs4587017
rs192022677
rs577263870
rs7680709
rs573219693
rs7699711
rs115766669
rs187782864
rs564350960
rs7699955
rs141230074
rs191045361
rs535455238
rs144941600
rs568774531
rs146885933
rs12643840
rs79596198
rs115241357
rs182119137
rs186944390
rs541832805
rs140700797
rs534177959
rs564108297
rs192691848
rs546348518
rs143804846
rs148152049
rs184988611
rs568912188
rs531216743
rs141939610
rs554573772
rs150325642
rs553154338
rs137957624
rs62296935
rs555329936
rs62296936
rs544078205
rs143440345
rs147130999
rs540430232
rs560136971
rs188303750
rs4443355
rs140280979
rs142923124
rs193035962
rs114575395
rs547166409
rs189177672
rs182017677
rs555467235
rs7436374
rs537862902
rs183617636
rs577871536
rs144606596
rs4540108
rs573911173
rs4640729
rs562589869
rs4522933
rs544993941
rs564772473
rs11932131
rs35297888
rs560289492
rs35749478
rs34762485
rs549030164
rs552843270
rs11938761
rs11935886
rs571587540
rs528715580
rs11937683
rs554131916
rs573847502
rs186370322
chr4:69949928C-T
rs556250825
rs191272281
rs142590710
rs181446136
rs545551535
rs560427157
rs146594701
rs111802902
rs529404783
rs186128292
rs117147888
rs531816193
rs200970218
rs541899384
rs571590110
rs7659306
rs190995596
rs116134734
rs6600871
rs140057180
rs116708285
rs558389490
rs4454000
rs540633003
rs550395290
rs4273534
rs542948350
rs571097372
rs531833974
rs183554226
rs56028004
rs186693460
rs370940327
rs146798363
rs191155930
rs59592861
rs182624101
rs538468847
rs558579420
rs565639834
rs7677434
rs554134807
rs145382711
rs201077663
rs7677611
rs143324413
rs576540533
rs138035197
rs546160766
rs77682254
rs4642304
rs561242448
rs530136906
rs550063511
rs76554522
rs555549925
rs145855722
rs188140210
rs534391630
rs555358664
rs567684756
rs536658766
rs556770880
rs4309908
rs545726631
rs368981744
rs572704023
rs4458521
rs561381116
rs192732079
rs543454185
rs563748713
rs184308308
rs4446391
rs559254801
rs138690295
rs187536621
rs567819686
rs62296937
rs192416123
rs184826063
rs538945019
rs190454395
rs13135225
rs535238835
rs555052642
rs73823851
rs180768917
rs184362240
rs7437174
rs545745251
rs559230779
rs528223313
rs547976880
rs376430014
rs189685641
rs142695452
rs570328344
rs539436738
rs181403504
rs558562374
rs535388155
rs150798532
rs186076285
rs138064350
rs6422324
rs28754965
rs552994572
rs6422325
rs114015800
rs561520675
rs189174709
rs543941344
rs564219316
rs532747586
rs538233278
rs566514226
rs79259525
rs548927502
rs568635985
rs181873007
rs187234815
rs6600874
rs554312770
rs578257621
rs35783431
rs192024879
rs182657523
rs541689781
chr4:69953507A-AG
rs6600875
rs377317969
rs544401413
rs6843382
rs533039263
rs540365505
rs186125282
rs528918783
rs144005750
rs144005750
rs139905700
rs143742887
rs553070129
rs566492015
rs535469597
rs191417295
rs74726194
rs74726194
rs575492965
rs550064226
rs182638991
rs187317942
rs76203731
rs573631852
rs146332520
rs562383948
rs4694171
rs551016477
rs115831717
rs182959124
rs139522849
rs566630518
rs114292486
rs188872278
rs569193189
rs142755579
rs557789319
rs115495675
rs193107243
rs554054996
rs532115223
rs151121067
rs542777811
rs184433190
rs575968421
rs11249527
rs6846298
rs189356200
rs141083591
rs11249528
rs149846053
rs549239362
rs572948746
rs151280356
rs569206021
rs537869168
rs551604631
rs540236738
rs540748346
rs534120360
rs191699363
rs563803168
rs184287811
rs555998502
rs147939345
rs558572911
rs55757747
rs56217918
rs529467726
rs543073427
rs188731309
rs141740463
rs181504061
rs7657423
rs547733726
rs536063673
rs7676472
rs569650914
rs186758729
rs551917079
rs145906411
rs138696491
rs554059510
rs74476790
rs542849078
rs190609612
rs7663584
rs545511795
rs11296710
rs148826008
rs527700885
rs143426666
rs148065514
rs530053215
rs549704453
rs569869506
rs182342636
rs534327115
rs553998175
rs574241792
rs556457523
rs12506592
rs545482639
rs189857246
rs572419285
rs146710019
rs541430746
rs146028877
rs6600876
rs550078768
rs374189807
rs182257092
rs185360226
rs74971799
rs13119508
rs568074175
rs138723783
rs556829857
rs6600877
rs539235724
rs544774597
rs559239326
rs4434330
rs541575686
rs561106067
rs574800412
rs183494991
rs756913379
rs193249200
rs545590688
rs369911962
rs74804868
rs184002503
rs187795942
rs111488854
rs550159361
rs191283243
chr4:69957820A-AT
rs115933429
rs146336110
rs139586945
rs11730928
rs555064319
rs115179596
rs557124728
rs576710009
rs545719304
chr4:69958119A-C
rs149989421
rs528285621
rs541517834
rs113605769
rs561822349
rs377337102
rs77786605
rs550539869
rs150919624
rs6600878
rs528855036
rs183863690
rs188482473
rs535241016
rs191925314
rs568539534
rs6819757
rs557301123
rs576847333
rs545658093
rs552857085
rs57216626
rs138844955
rs59415892
rs185285969
rs144249251
rs148713218
rs78130034
rs142479083
rs560093117
rs528831110
rs62296942
rs572997664
rs546595272
rs190108275
rs182329633
rs147955933
rs141752261
rs62296943
rs555518016
rs185423782
rs77141058
rs76375995
rs577666321
rs145509845
rs115821378
rs528767085
rs28458345
rs562273325
rs531020631
rs147801498
rs7437039
rs140163040
rs114180170
rs7439792
rs189415725
rs555392406
rs575358816
rs537650589
rs558031456
rs577804324
rs79423425
rs553782706
rs180682704
rs562245782
rs531281810
rs544388801
rs533228798
rs200486722
rs201342087
rs529282699
rs116604766
rs62296944
rs190066888
rs144909815
rs571495804
rs6600879
rs6600880
rs181455316
rs149033173
rs4554144
rs73823857
rs528069752
rs564309667
rs4538548
rs6600883
rs529438865
rs549099894
rs569269636
rs531615588
rs551722674
rs571424359
rs4455491
rs553979753
rs11940220
rs569370275
rs186874702
rs538117507
rs558041978
rs11940316
rs540427317
rs144889068
rs574035408
rs562713629
rs138736185
rs191723120
rs7438135
rs527625267
rs547256512
rs552987304
rs114345653
rs549861239
rs145423677
rs148028615
rs141910369
rs116572954
rs7662029
rs574200273
rs7668258
rs563001412
rs73823859
rs545410639
rs116379338
rs150638622
rs560884549
rs529910226
rs111878373
rs569411321
rs61361928
rs147538491
rs12233719
rs61154511
rs371114623
rs567705679
rs140153012
rs57811242
rs28365063
rs545544033
rs147120761
rs202168877
rs368853050
rs60103519
rs529993159
rs543596320
chr4:69962876A-G
rs142000539
rs532056621
rs138733571
rs551875805
rs565303073
rs528100451
rs535954378
rs547922752
rs12647681
rs12647682
rs536186384
rs570282614
rs539099174
rs572305500
rs79950077
rs573120200
rs186980003
rs543340267
rs112127865
rs563115801
rs532191329
rs62296959
rs58544196
rs528214390
rs191713423
rs567992220
rs530388322
rs184919823
rs570221096
rs539237673
rs566156360
rs147726082
rs28375964
rs77067460
rs536915800
rs538597992
rs72643000
rs188332769
rs572869992
rs148765474
rs530528831
rs550448738
rs73823860
rs60529914
rs552789129
rs185302178
rs7439326
rs59634653
rs7438244
rs59771610
rs558192037
rs558192037
rs28365062
rs576709710
rs189169793
rs553102091
rs182011163
rs7438284
rs7439366
rs575456073
rs544218603
rs34661811
rs79159896
rs116566014
rs559865555
rs7441750
rs548619217
rs7441774
rs530944020
rs188257375
rs181235580
rs539311333
rs28539948
rs566613850
rs186206661
rs7434332
rs200718332
chr4:69964993AAAAG-A
rs544351610
rs557758895
rs191501443
rs181468055
rs142589728
rs528830048
rs574301843
rs561971452
rs530881672
rs550673392
rs113155429
rs533174980
rs4293848
rs566643316
rs535777273
rs555250231
rs569094728
rs537906673
rs557899825
rs150945880
chr4:69965805GACCCCAGAGA-G;chr4:69965805GACCC-G
chr4:69965805GACCCCAGAGA-G;chr4:69965805GACCC-G
rs535163587
chr4:69965816T-C
rs186120058
rs111726104
rs572424486
rs369457225
rs7679184
rs531016686
rs12506962
rs35185848
rs78728235
rs183511038
rs80339055
rs76000823
rs529147350
rs549313724
rs75414698
rs144581403
rs186739034
rs190653817
rs533913417
rs553459384
rs146763395
chr4:69966374G-A
rs535730518
rs12512526
rs140436118
rs145543870
rs578018929
rs34386959
rs55834557
rs182941581
rs549254486
rs56388229
rs56388229
rs568852662
rs571439451
rs533615433
rs34318523
rs187800552
rs34630750
rs555780868
rs192931533
rs538173643
rs540117182
rs578136274
rs138056365
rs60394168
rs574100795
rs34302283
rs78408800
rs545335778
rs527482645
rs547322189
rs555035925
rs557433511
rs184302034
rs187527536
rs192408025
rs569334016
rs116308742
rs12508257
rs571702770
rs376860175
rs189382182
rs574168566
rs577112240
rs556561047
rs576512266
rs560476538
rs4314347
rs58878867
rs184482297
rs541204982
rs189398114
rs6600884
rs549481425
rs181559490
rs531985476
rs28675300
rs149509280
rs534260287
rs554323510
rs567871941
rs536702619
rs186019033
rs576652840
rs143290833
rs189218067
rs572281572
rs540988840
rs201798563
rs370105909
rs201434270
rs563041362
rs532119362
rs34407256
rs552137635
rs201602262
rs181656929
rs531386580
rs186354858
rs567811060
rs192310768
rs7439152
rs182393593
rs371793551
rs186248262
rs534878572
rs554447773
rs574439615
rs543205850
rs7442453
rs576851952
rs148314179
rs143014993
rs117043833
rs548212421
rs191172369
rs6858558
rs550374924
rs182630230
rs6600885
rs552400265
rs566017517
rs534705929
rs7375178
rs568000952
rs536978299
rs556712932
rs187308988
rs6600886
rs552786575
rs191939380
rs561693332
rs6600887
chr4:69969820C-T
rs182951520
rs563863661
rs6600888
rs6600889
rs566032671
rs528622782
rs6600890
rs568140580
rs144129385
rs556837775
rs570769047
rs539245555
rs553165441
rs572829231
rs541966703
rs555367519
rs575321334
rs544083275
rs527256840
chr4:69970373G-A
rs532882533
rs76482848
rs150689690
rs139887962
rs548295106
rs149814946
rs530809169
rs143961937
rs188581307
rs546448664
chr4:69970735G-C
rs148631099
rs555504456
rs575458157
rs10028494
rs3924192
rs143248219
rs200457644
rs3924193
rs559659801
rs573113089
rs562481560
rs3924194
rs530945569
rs114274672
rs146676198
rs75875847
rs78739827
rs566621825
rs7435335
rs193259754
rs140230215
rs144174554
rs557443506
rs577584171
rs553635171
rs573239262
rs10050146
rs561971586
rs6600891
rs7678656
rs564281892
rs80216095
rs578181958
rs72644315
rs529239473
rs79136930
rs114667457
rs531276777
rs7693957
rs571112442
rs141673678
rs114914147
rs566800939
rs113764820
rs7698645
rs529784770
rs544332938
rs7698846
rs189578688
rs540607209
rs560500194
rs12513195
rs542960146
rs374528003
rs562634487
rs191735481
rs551337040
rs571301224
rs4541594
rs4351080
rs188771998
rs138334303
rs4356974
rs549502930
rs4356975
rs558102129
rs578032405
rs540752993
rs554175079
rs111541856
rs5859161
rs574093788
rs143789825
rs562770571
rs75446752
rs181448385
rs564952049
rs527344300
rs5013211
rs4257713
rs186130517
rs549405917
rs569519019
rs4292394
rs571765031
rs534247356
rs28365064
rs4337789
rs536641365
rs556307486
rs11302069
rs6600892
rs565048565
rs144771241
chr4:69973409T-C
rs4521414
rs540873106
rs4314345
rs182594363
rs372595294
rs58997816
rs571768346
rs4588522
rs78965261
rs4364327
rs536762972
rs191158058
rs10022440
rs541946259
chr4:69973763C-A
rs369355939
rs572047837
rs35327868
rs61735558
rs138934444
rs543169852
rs563256432
rs57913007
rs545832745
rs200539544
rs528028669
rs547979452
rs148274136
rs377264995
rs114113997
rs570177019
rs558943640
rs185352252
rs141534478
rs554310548
rs371378236
rs141949682
rs574303440
rs35402056
rs556779795
rs576914676
rs545469768
rs527964973
chr4:69974432TTTA-T
rs190107585
rs182732342
rs7438942
rs550398360
rs570031044
rs532674058
rs552254933
rs188813581
rs534558523
rs554451666
rs568053011
rs150885838
rs557145747
rs576846367
rs545908447
rs77805222
rs572887351
rs541889008
rs77187366
rs143313474
rs543639165
rs563922720
rs532472465
rs368125849
rs528457543
rs548223134
rs567990592
rs537383795
rs139096930
rs79153297
rs191947285
rs34095769
rs573023079
rs149867566
rs574998729
rs544116518
rs563684055
rs567288195
rs567288195
rs577376980
rs546026991
rs559416677
rs528590389
rs4694177
rs576154850
rs116728615
rs530673360
rs371556722
rs539643453
rs67637716
rs12642938
rs566558826
rs114788142
rs555373790
rs575198502
rs369256677
rs145106329
rs557623518
rs577511842
rs545963703
rs553182607
rs9995928
rs149104235
rs375778982
rs142207556
rs151204251
rs564385580
rs533301361
rs546782927
rs114288043
rs528949401
rs183792730
rs141321591
rs537843787
rs369306231
rs571107721
rs539757105
rs138357199
rs573113167
rs542061583
rs555829061
rs142351692
rs150186260
rs560440160
rs540537608
rs138702123
rs529089489
rs548951652
rs568911551
rs77726244
rs115934091
rs570930870
rs149440337
rs114549958
rs527877187
rs536027020
rs555719078
rs187019931
rs10006452
rs558086178
rs191914971
rs10008743
rs560464552
rs185163029
rs542789323
rs190354200
rs7658752
rs551188182
rs564682366
rs527290665
rs138450721
rs566811169
rs535790565
rs201354412
rs569354249
rs147176472
rs72551393
rs185543933
rs534161446
rs554240518
rs142908027
rs190471811
rs146215904
rs576165032
rs78265585
