rs562332230
rs533300583
rs2259217
rs2259219
rs2431412
rs183581274
rs72549453
rs138956819
rs569152950
rs192752442
rs558177610
rs573167674
chr19:41349573T-C
rs28399481
rs142901606
rs28399480
rs28399479
rs28399478
rs560208518
rs527558515
rs776763346
rs72549450
rs6413474
rs561053481
rs529455023
rs550797906
rs569294454
rs539466327
rs143731390
rs551723740
rs370819234
rs555584221
rs573895636
rs2431413
rs527665782
rs577637465
rs544703198
rs572409121
rs542939658
rs561117972
rs531414040
rs549914213
rs145026630
rs533443716
rs551519233
rs566521623
rs534270874
rs186833314
rs567580611
rs72549446
rs2002975
rs571285801
rs113368210
rs56164728
rs2002976
rs373592802
rs554920226
rs28399463
rs2002977
rs371553133
rs28399462
rs56314118
rs560168395
rs59389036
rs369346633
rs550145221
rs571807591
rs538809590
rs553913513
rs565746276
rs536276517
rs554585461
rs555413545
rs543693586
rs574299338
rs576973328
rs560231157
rs527756545
rs28399459
rs28399458
rs28399457
rs372178313
rs185273084
rs376822239
rs565809820
rs536337801
rs548247947
rs190125323
rs8192729
rs558825772
rs577031756
rs552730967
rs572245201
rs542707063
rs561177628
rs576392235
rs4803380
rs60286635
rs532833480
rs150586234
rs185304177
rs114558780
rs59992959
rs145036049
rs28399454
rs143841823
rs150247689
rs138932530
rs61605570
rs137904044
rs535231886
rs188167379
rs28399453
rs148057229
rs528694759
rs577654198
rs2388874
rs4001931
rs4001929
rs563421126
rs530503863
rs144437384
rs55971367
rs56048590
rs567978574
rs535660414
rs72549445
rs149876040
rs537139773
rs558957904
rs4997555
rs185020627
rs553719688
rs375518878
rs202130720
rs563718868
rs72549444
rs545581940
rs58571639
rs528089983
rs2644907
rs148693084
rs4997557
rs2644906
rs28399450
rs201027514
rs559104970
rs55845874
rs535042041
rs149001480
rs570054380
rs570054380
rs557584513
rs199808813
rs546342800
rs72549443
chr19:41352257G-T
rs4514794
rs528152143
rs539876412
rs561338846
rs529234878
rs550606305
rs562763156
rs72549442
chr19:41352497C-G
rs551576716
rs570989597
rs535108140
rs547061178
rs568362425
rs535800169
rs557383130
rs575865729
rs539671336
rs553581029
rs572642295
rs191677607
rs561775706
rs4079369
rs544162826
rs111869995
rs58062848
rs551638939
rs560382680
rs55805386
rs527434101
rs58720852
rs1809811
rs145157460
rs533216061
rs550929967
rs138978736
rs539734599
rs557976670
rs28399448
rs111033610
rs555186829
rs138844279
rs562491463
rs75047183
rs56113850
rs560445731
rs527495675
rs542814609
rs56006279
rs529372394
rs559914206
rs569231510
rs193119488
rs551667439
rs566790786
rs56267346
rs112253660
rs567286959
rs537939928
rs72549440
rs199999881
rs577720071
rs544984580
rs554129636
rs572348346
rs55921593
rs56256033
rs562603344
rs533171831
rs72549439
rs771986786
rs185545560
rs527966463
rs561452609
rs145393137
rs56256500
rs538011777
rs568811809
rs199916117
rs571335587
rs201227951
rs150091942
rs572409006
rs542903833
rs554520787
rs372381649
rs28399443
rs572206869
rs577696506
rs560107238
rs28399442
rs374657291
rs8192726
rs1801272
rs28399441
rs2545783
rs60996254
rs200793736
rs59552350
rs535832503
rs554865113
rs4986891
rs537280653
rs28399440
rs577758165
rs371146023
rs200390640
rs572417875
rs8192725
rs561651970
rs567115644
rs531895004
chr19:41354873G-GA
chr19:41354881GA-G
rs368499260
rs200110220
rs201245811
rs72549437
rs114114578
rs565605333
rs536267403
rs547855533
rs569969411
rs536649338
rs576524900
rs534449205
rs553928000
rs543272794
rs554973769
rs547078508
rs543835444
rs569849001
rs188681749
rs559469574
rs140911924
rs55768417
rs56014815
rs530757847
rs551743511
rs185167383
rs534388084
rs552811042
rs138920918
rs138920918
rs540630208
rs552926611
rs142944774
rs55930143
rs56145769
rs189326843
rs559599283
rs577714014
rs541653514
rs370779055
rs568284749
rs368498743
rs552078193
rs72549436
rs377137055
rs546628995
rs28399439
rs182169150
rs72549435
rs72549434
rs28609092
rs145308399
rs577267650
rs143067113
rs201250423
rs201833760
rs143690364
rs72549433
rs199515342
rs545654135
rs28399438
rs28399437
rs546270627
rs141128348
rs191965231
rs570229222
rs28399436
rs140179029
rs8192722
rs535366981
rs553074588
rs369561609
rs56283800
rs139344949
rs575050301
rs28399435
rs563981730
rs572785621
rs1137115
rs151097223
rs373993802
rs8192720
rs72549432
rs528755675
rs547290288
rs183167151
rs535847711
rs556984751
rs569002462
rs539580985
rs186024388
rs573015936
rs190348643
rs182566222
rs569889026
rs67568271
rs562506201
rs10418304
rs192552732
rs564640438
rs528697338
rs562381560
rs546932947
rs115421560
rs529600600
rs550546868
rs567179885
rs568939213
rs539519931
rs147001205
rs566507807
rs533992650
rs555319006
