rs182240068
rs543795324
rs187956119
rs140520740
rs547207054
rs145144924
rs550949758
rs143150826
rs192428789
rs183046183
rs533730695
rs188208645
rs573849696
rs562102736
rs577234222
rs193087709
rs559976735
rs184955966
rs546875883
rs191408507
rs183497121
rs138846025
rs142725916
rs146959232
rs137894131
rs141652953
rs150898868
rs139428153
rs149644258
rs146113189
rs140132124
rs143653808
rs189348232
rs146829547
rs181760450
rs1962261
rs186228598
rs190183021
rs533708567
rs551480245
rs566861813
rs139512553
rs142825979
rs151006601
rs140866026
rs3760657
rs554992743
rs150173239
rs572025401
rs540168162
rs553979142
rs12721652
rs111386238
rs557763084
rs147813000
rs141374289
rs533618477
rs114116842
rs186498984
rs111930595
rs111930595
rs138038979
rs149453494
rs143008826
rs148199237
rs565865949
rs141973461
rs146156466
rs191290616
rs138959280
rs578226478
rs142193743
rs12721648
rs146327215
rs139326108
rs4802100
rs531654529
rs549880274
rs150014282
rs182372168
rs144219969
rs565951601
rs536196980
rs548159552
rs144504412
rs537107997
rs185127208
rs147862019
rs141308022
rs542925464
rs12721653
rs543442320
rs4802101
rs572895527
rs147618920
rs547564478
rs533341111
rs116147485
rs537020818
rs552236119
rs115047722
rs75286757
rs140762101
rs572568863
rs28723610
rs539913857
rs543405619
rs191070613
rs577218764
rs541174781
rs559463236
rs529868340
rs563558831
rs115178405
rs200343014
rs34477445
rs150742423
rs34883432
rs33980385
rs33926104
rs34284776
rs541486480
rs553168900
rs575020216
rs542036091
rs545796268
rs28399484
rs528055545
rs148835109
rs28739581
rs116548898
rs548325476
rs569922403
rs537311056
rs183537694
rs189038770
rs534693051
rs574939032
rs542352504
rs572235797
rs145161040
rs1872122
rs573134183
rs139031137
rs561353283
rs2099361
chr19:41498423T-C
rs563513071
rs200438031
rs530991804
rs552771838
rs35149696
rs535375642
rs546636707
rs35950631
rs535923141
rs192954396
rs575840396
rs183590498
rs34716861
rs540532740
rs28616828
rs117875279
rs114867494
rs144644240
rs547337854
rs373766689
rs16974790
rs115734479
rs147426303
rs539922228
rs73933721
rs139730146
rs16974794
rs145308182
rs73559241
rs112692941
rs577618663
rs183657353
rs144975801
rs149087913
rs540861470
rs186804901
rs550944057
rs142110274
rs528475071
rs551875435
chr19:41499625A-G
rs151181975
rs368924129
rs140071764
rs10426235
rs77654948
rs2014141
rs111700983
rs8192710
rs16974703
rs185670000
rs112815799
rs533340317
rs551521045
rs8100458
rs567132940
rs537719983
rs8192712
rs538618757
rs146428713
rs536360274
rs4803415
rs140703188
rs544850578
rs563183673
rs16974796
rs545384897
rs560290839
rs190577922
rs114957222
rs145898770
rs531385796
rs138265556
rs149626357
rs547326800
rs143276579
rs536327635
rs554686331
rs538427272
rs373065231
rs181789767
rs148333299
rs185171488
rs60618718
rs531736908
rs549899589
rs564939261
rs547394807
rs143125733
rs529701041
rs1872123
rs1872124
chr19:41501699ATGATATT-A
rs1872125
rs556678724
rs571763164
rs567183178
rs554028477
rs548144843
rs542608662
rs188688874
rs139874960
rs143688463
rs150599836
rs181115812
rs185664164
rs180779053
rs139568824
rs149726648
rs538848815
rs553989874
rs8101756
rs192135895
rs145504530
chr19:41502594T-C
rs6508964
rs558770151
rs8104022
rs144057284
rs10409285
rs529977747
rs4803416
rs183519823
rs143815674
rs188509697
rs190474758
rs4802102
rs4802103
rs62109048
rs116960502
rs115724236
rs537044115
rs577222639
rs368980929
rs7250601
rs7250601
rs7251624
rs7250745
rs151123536
rs575540531
rs7250873
rs182707038
rs528138899
rs7250991
rs145754611
rs186932764
rs530213239
rs548417386
rs141034049
rs537753969
rs150235766
rs138903679
rs143061026
rs575022061
rs117016364
rs147064367
rs191422549
rs138285756
rs143885299
rs561440385
rs529004298
rs184311755
rs373034051
rs531077752
rs552855691
rs144121983
rs62109049
rs535962358
rs556843383
rs57843722
rs112882426
rs554948308
rs573364381
rs188864339
rs201798198
rs374007467
rs141308123
rs199696183
rs12709842
rs10424026
rs568481257
rs529340757
rs551028317
rs569285587
rs539608810
rs374057663
rs35177224
rs533846962
rs543895124
rs556210077
rs185205035
rs2873265
rs2873264
rs114224908
rs115417829
rs149674832
rs189231110
rs548843834
rs149210713
rs537839836
rs577625324
rs3786547
rs181586398
rs113200811
rs147918909
rs544550245
rs79490588
rs147061770
rs138419830
rs560241525
rs527467943
rs114554376
rs184273051
rs188606568
rs549713955
rs140927462
rs185963139
rs534388236
rs150184453
rs138734531
rs544596529
rs556496657
rs113496319
rs192003325
rs560204952
rs149312374
rs542367377
rs560940146
rs10412702
rs549784809
rs11881991
rs186252259
rs111994957
rs138018017
rs555896930
rs142589200
rs538464067
rs576225953
rs139845985
rs190618046
rs182836510
rs561460723
rs531389469
rs543640448
rs532448822
rs142124407
rs187075863
rs189999481
rs150706448
rs139044778
rs538046608
rs556764417
rs147969222
rs553720646
rs572085767
rs536683481
rs576524070
rs565081756
rs145594100
rs541361104
rs559715037
rs529701087
rs548208637
chr19:41507614G-A
rs147723616
rs149157605
rs143292752
rs148289227
rs538874398
rs111481143
rs566072001
rs536245790
rs74915357
rs576416951
rs537565915
rs397827622
rs200678201
rs558759045
rs577093468
rs138155779
rs142676337
rs187712541
rs111959737
rs145990608
rs138673607
rs35333063
rs34240232
rs35405844
rs4803417
rs536958495
rs548252509
rs142525808
rs571001867
rs77528739
rs140154941
rs575160955
rs145685670
rs529798590
rs147707961
rs541183889
rs139894261
rs192279168
rs548844422
rs570290161
rs149796493
rs535133349
rs145787183
rs568268901
rs184232100
rs557209347
rs145619502
rs187805734
rs557340481
rs572568391
rs539960818
rs146552641
rs530300458
rs542099829
rs564005997
rs141063381
rs552567189
rs570877245
rs528569889
rs547099314
rs11672911
rs144892921
rs550502319
rs569092964
rs539364290
rs557301726
rs75833439
rs192288439
rs555432457
rs573701792
rs184395385
rs76960340
rs575977593
rs75711092
rs141290615
rs528483320
rs546722370
rs1987236
rs35281419
rs189654204
rs150317545
rs138000923
rs34563028
rs35658652
rs35658652
rs144055775
rs35490259
rs147337157
rs148770369
rs564106878
rs35992537
rs74379299
rs551209589
rs527600420
rs548932512
rs146534817
rs114113516
rs556279801
rs180791497
rs539989697
rs141257880
rs540591928
rs553859497
rs145653842
rs148872718
rs562641454
rs115786370
rs116239924
rs559933538
rs186413120
rs115519553
rs189195985
rs531203043
rs549804083
rs143532495
rs558355634
rs566928645
rs534437956
rs555774283
rs138264188
rs142657251
rs199704872
rs577681802
rs376089701
rs572134005
rs183427203
rs36060847
rs142421637
rs186335453
rs373926269
rs191133993
rs2279342
rs565806802
rs199887977
rs202085737
rs200259965
rs139801276
rs553968231
rs572503795
rs535039125
rs35773040
rs117323987
rs145884402
rs138652715
rs183040778
rs141666881
rs187663304
rs187663304
rs35286118
rs114325615
rs76456073
rs192903015
rs572413396
rs536770196
rs115371888
rs149435988
rs558885996
rs148561862
rs540630272
rs144282458
rs563276630
rs185003761
rs146105463
rs140013004
chr19:41510779C-A
rs547444777
rs546077890
rs143625466
rs536284142
rs555037438
rs528497145
rs570208958
rs34215198
rs189516694
rs192748835
rs140372093
rs553021382
rs574360961
rs149958642
rs543573229
rs183529797
rs10416437
rs189336108
rs144979955
rs142211955
rs145870236
rs138755696
rs141111696
rs143429629
rs186217409
rs190421572
rs55884100
rs141553083
rs60766920
rs138409398
rs541309506
rs186704194
rs142985643
rs548568868
rs10417572
rs530956573
rs542870923
rs534816032
rs546483433
rs568307004
rs535404253
rs556862244
rs140058985
rs149804347
rs557426941
rs572853819
rs144654117
rs559711639
rs369230974
rs542519824
rs4803418
rs530919723
rs552652260
rs148510731
rs112360234
rs78507348
rs535673413
rs369327237
rs142684420
rs151022854
rs142149749
rs566526708
rs182363834
rs144451511
rs147829185
rs386389038
rs542483328
rs557685664
rs576013860
rs373351308
rs377491700
rs541860033
rs12985269
rs191062537
rs527270670
rs8192714
rs183593804
rs188699896
rs555162053
rs143805762
rs536012403
rs557599615
rs138495424
rs28399489
rs558460703
rs540666742
rs34909562
rs28399490
rs4803419
rs3826711
rs36056539
rs3745274
rs45459594
rs58871670
rs201793417
rs144419100
rs372844817
rs140578107
rs558163100
rs201221511
rs533900276
rs573769056
rs28399491
rs35266616
rs545237804
rs147036163
rs150964647
rs116156062
rs150078556
rs531365295
rs75846342
rs78313984
rs374975888
rs567016974
rs534529020
rs192541945
rs573683585
rs537889441
rs183649027
rs75446511
rs544837028
rs560312676
rs572221737
rs542889280
rs535613311
rs186801569
rs531327134
rs7257042
rs564931767
rs145168181
rs556357236
rs567031801
rs527913679
rs567666321
rs537802363
rs556148590
rs138959250
rs554005083
rs542172870
rs542886569
rs569499506
rs375577888
rs554854176
rs7260538
rs191267868
rs532038405
rs143699099
chr19:41514115T-TTTG
rs527883553
rs190318689
rs10425865
rs10425866
rs8113196
rs8113200
rs10401737
rs10426663
rs35554011
rs34265963
rs182038308
rs147232236
rs35392384
rs140720618
rs185051847
rs529762801
rs2873263
rs147442917
rs28399492
rs550049302
rs540107939
rs181108567
rs566129457
rs548727107
rs202050252
rs537282794
rs558811641
rs577066304
rs371145482
rs374699944
rs12721646
rs563079673
rs35349987
rs565530668
rs34646544
rs45482602
rs189970623
rs558502540
rs180811860
rs372377643
rs140257232
rs187473439
rs34155858
rs535123118
rs2279344
rs35227191
rs183697690
rs2279345
rs541345681
rs560128211
rs530114280
rs542247973
rs563731806
rs530940905
rs8192717
rs528302435
rs73933725
rs112120974
rs12721649
rs568591825
rs199898682
rs200340276
rs139029625
rs190463703
rs34277950
rs112848152
rs34698757
rs373559488
rs35468935
rs200503668
rs35622401
rs186924306
rs191412550
rs529181274
rs147426833
rs148051284
rs539428659
rs141799106
rs566609445
rs553637607
rs542511774
rs34906003
rs575506681
rs546179746
rs564417556
rs146227786
rs183506021
rs561520323
rs529070661
rs35051166
rs34027040
rs566429492
rs34094522
rs149000595
rs114807742
rs557638532
rs189134301
rs142978769
rs113535769
rs533785957
rs555115209
rs151086735
rs151086735
rs11882424
rs142583125
rs146504460
rs139175533
rs78633574
rs147028723
rs193002414
rs185314452
rs138148974
rs536049819
rs35185769
rs149525861
rs181535627
rs540100794
rs558185524
rs533935901
chr19:41517101T-C
rs543987247
rs556351630
rs577783041
rs544003828
rs184300895
rs144187439
rs527237116
rs542689998
rs141777693
rs146209463
rs533373872
rs552006150
rs566871611
rs533924075
rs555376772
rs567400360
rs538309273
rs139483077
rs188553954
rs180957989
rs185769140
rs35750328
rs145421204
rs142520983
rs35110193
rs147935844
rs566809149
rs528007856
rs549287621
rs6508965
rs537859316
rs550201227
rs141600685
rs538816556
rs192331300
rs536519288
rs554916072
rs35323827
rs543100259
rs577431726
rs564983738
rs148084550
rs560285564
rs527894855
rs549224158
rs561248251
rs6508966
rs140962193
rs182308442
rs111484395
rs138778161
rs141870459
rs558297896
rs544864145
rs35457549
rs201961061
rs201023426
rs187378204
rs28399499
rs34826503
rs567219326
rs565104467
rs142806708
rs138030127
rs553658831
rs142442992
rs140830969
rs143979776
rs558830117
rs201500445
rs200238771
rs148605404
rs148605404
rs12721656
rs199700704
rs576595667
rs543719298
rs565577961
rs201721014
rs35449271
rs140993284
rs35979566
rs150072531
rs35661880
rs17411404
rs145114902
rs35010579
rs8192719
rs185532059
rs550406491
rs34677607
rs184078964
rs577648227
rs541416249
rs187840212
rs528483635
rs149134672
rs143220996
rs146794320
rs192235683
rs73933726
rs184435928
rs188692866
rs546510774
rs191644501
rs36118214
chr19:41519360A-G
chr19:41519363A-G
rs559135131
rs577534933
rs138423652
rs553713418
rs574838427
rs542255069
rs33967301
rs575727617
rs149276822
rs34899123
rs546447304
rs561696274
rs11671243
rs528544294
rs180797111
rs551204216
rs535235967
rs575247043
rs535465222
rs557349952
rs142942032
rs187351814
rs564248106
rs572700937
rs151094499
rs561635999
rs189193601
rs181606977
rs11882450
rs374895074
rs566617149
rs185672913
rs35412065
rs568637622
rs7255561
rs557382948
rs569190095
rs534444682
rs555118434
rs544454262
rs562644346
rs532940123
rs545062157
rs560272194
rs549121384
rs568602931
rs551206921
rs569492584
rs140557362
rs557761414
rs190130873
rs573735204
rs544126055
rs556412984
rs577892831
rs544998819
rs560162669
rs572084286
rs79200488
rs11673270
rs183166787
rs149115556
rs186522185
rs566489763
rs533935705
rs549454330
rs567695599
rs529452961
rs556112874
rs577933321
rs538901413
rs554115403
rs143116023
rs542690109
rs190924304
rs576087874
rs35295514
rs562909383
rs551613111
rs560497284
rs527670867
rs549142820
rs567725661
rs187991044
rs550264556
rs571424024
rs538837582
rs192368661
rs140153967
rs536224364
rs554241020
rs576006683
rs183068891
rs187656229
rs577813657
rs137883746
rs193152757
rs143466902
rs184891365
rs147533588
rs531739655
rs549956785
rs4802104
rs7259965
rs547642185
rs138304197
rs193051960
rs554861087
rs548608592
rs569503517
rs7260329
rs189779493
rs576565381
rs545173256
rs545173256
rs3786548
rs3837929
rs3786549
rs3786550
rs144322226
rs3786551
rs3786552
rs547929902
rs565842374
rs183525325
rs148773915
rs536628511
rs558160406
rs189333959
rs534379587
rs181741473
rs142324620
rs146347104
rs8109848
rs576705503
rs544151520
rs565248025
rs139508439
rs529840118
rs548400130
rs112387691
rs71337576
rs189113708
rs35799596
rs796553275
rs2291287
rs536428142
rs371613060
rs576578621
rs559298344
rs143488417
rs146956370
rs201028567
rs117872433
rs564083989
rs3211371
rs28399501
rs377238819
rs3211372
rs34749331
rs571199677
rs28399502
rs3211375
rs3211376
rs557175888
rs575089628
rs545633584
rs139818840
rs186436005
rs528397773
rs191323958
rs142073892
rs569014214
rs531113945
rs28969415
rs535303145
rs553398143
rs28969416
rs535525152
rs150701000
rs180880929
rs572715430
rs554556199
rs185153760
chr19:41523227C-A
rs142189613
rs199643221
rs189811422
rs551518259
rs183567477
rs7246465
rs568697064
rs567510121
rs568931151
rs28969419
rs557834987
rs572699046
rs187812230
rs35263810
rs183512933
rs188066595
rs192819475
rs35584276
rs146050194
rs148726498
rs4803420
rs142209151
rs151234181
rs529532024
rs550877759
rs34404077
rs551452851
rs140285717
rs533970043
rs186785036
rs35742808
rs145192043
rs147615361
rs560270263
rs191261816
rs34128717
rs562106212
rs58455448
rs28969420
rs145886420
rs145450819
rs184792641
rs35462975
rs566882504
rs181813498
rs549468301
rs567303715
rs185107217
rs556485800
rs189628814
rs181570789
rs553461265
rs3211391
rs28969421
rs554650767
rs3211394
rs142251563
rs138429170
rs545313171
rs142839741
rs527690358
rs707265
rs150648484
rs12979270
rs12979898
rs1042389
rs538901499
rs61365636
rs149361248
rs536285951
rs185691524
rs144683195
rs189966711
rs544494883
rs35218075
rs573438564
rs112856484
rs561200247
rs531808637
rs34119267
rs147605262
rs532348990
rs186484294
rs192168707
rs536710922
rs558236070
rs577815628
rs539260063
rs552004328
rs140539841
rs572723300
rs542971463
rs183440871
rs576514197
rs34789700
rs565424970
rs532331601
rs188497549
rs151180819
rs548199735
rs569266178
rs536696327
rs551848003
rs191532945
rs538834469
rs572564873
rs536910474
rs182690298
rs576500574
rs543877624
rs544344126
rs577242284
rs541183031
rs559459152
rs529854434
rs566151044
rs10415419
rs112675486
rs35394535
rs549473187
rs528151721
rs566217573
rs536491216
rs188796036
rs56777936
rs1552219
rs58312733
rs61073883
rs574569265
rs36002231
rs34299754
rs545705284
rs564067246
rs28576095
rs546669968
rs112435200
rs1552221
rs193215789
rs559297910
rs76892629
rs185520245
rs190421965
rs140699835
rs556702607
rs1552222
rs545645665
rs564269564
rs572788316
rs1552223
rs561746776
rs550705386
rs563826682
rs531178956
rs552827064
rs181534227
rs201783190
rs77484259
rs10423004
rs557036013
rs561172346
rs573081953
rs112042459
rs112609366
rs184297497
rs544323048
rs188537687
rs73559297
rs528743258
rs180946514
rs568065225
rs190424090
rs200228879
rs58380651
rs539597280
rs557633541
rs566667921
rs533800821
rs555681755
rs182548671
rs577787917
rs564479969
