rs149545977
rs190326433
rs113185937
rs547211873
rs560621397
rs5859157
rs6830368
rs551887730
rs539310244
rs553556325
rs4518318
rs72851322
rs4351079
rs544668407
rs4607293
rs541086023
rs560682294
rs563022264
rs148677308
rs397934734
rs571572094
rs4602564
rs547453943
rs199842625
chr4:69911656GTA-GTATATA;chr4:69911656G-GTATA
chr4:69911656GTA-GTATATA;chr4:69911656G-GTATA
chr4:69911656GTA-GTATATA;chr4:69911656G-GTATA
chr4:69911656GTA-GTATATA;chr4:69911656G-GTATA
rs538878943
chr4:69911753T-A
rs571970666
rs373463398
rs560940557
rs574315627
rs146815468
rs531917561
rs545644787
rs565151821
rs527652391
rs752609833
rs547513104
rs567406724
rs538571102
rs144209526
rs565706012
rs534581324
rs190923981
rs113009745
rs574583391
rs543461593
rs556490452
rs183189007
rs140923298
rs150283083
rs532310404
rs187524604
rs193242184
rs534654628
rs554612041
rs536764666
rs556991882
rs576589930
rs145861487
rs528148296
rs563785809
rs185686859
chr4:69913535C-A
rs559545769
rs528407746
rs189364802
rs537029380
rs180763200
rs570517302
rs184534660
rs572269885
rs530627890
rs188519394
rs574773178
rs545981630
rs563675902
rs78146479
rs546282312
rs181288617
rs10012240
rs539536017
rs546259502
rs28694130
rs554881240
rs7442486
rs10012607
rs190802415
rs570243231
rs553483716
rs138746912
rs541924329
rs561880461
rs142734342
rs4618379
chr4:69915007T-C
rs146953652
rs528705263
rs147989524
rs568522374
rs187328168
rs557346075
rs570855079
rs542452972
rs192400721
rs573372276
chr4:69915328A-C
rs7690884
rs7672562
rs186657713
rs561854432
rs527730448
rs190081551
rs182671746
rs374517855
rs551294649
chr4:69915861G-A
rs571047674
rs7435274
chr4:69916023C-G
rs535974549
rs540934642
rs555556070
rs537632325
rs558076030
rs192956536
rs533710419
rs7438808
rs114586701
rs547958618
rs542738254
rs185365819
rs188638639
rs550891680
rs5859158
chr4:69916678C-T
rs547285590
rs566899629
rs183612723
rs560845352
rs557676166
rs577381692
chr4:69916849C-T
rs150590813
rs573339760
rs542251636
rs139596411
rs115674975
rs528415423
rs533543138
rs4377650
rs112968185
rs529332967
rs146232321
rs191754050
rs571138922
rs533725735
rs139287645
rs567220366
rs536499969
rs555896587
rs112814346
rs558669023
rs578235009
rs529566327
rs190161838
rs562759838
rs568897734
rs181619537
chr4:69917642G-A
rs571400341
rs187040216
chr4:69917666T-G
rs144323043
rs561538586
rs556396580
rs374709859
rs558732278
rs10021748
rs148727853
rs111993925
rs542981837
rs563183671
rs531651998
rs57468707
chr4:69918051CAG-C
rs533188837
rs59732068
chr4:69918187G-GT
rs529881512
rs549846375
rs538889186
rs61174505
rs190189428
rs554625962
chr4:69918421C-T
rs574187796
rs536845446
rs60212682
rs564952951
rs541157069
rs547196441
rs57386454
rs549950920
rs12507556
rs532461351
rs552469822
chr4:69918829A-G
rs575973782
rs185351086
rs9715099
rs183256797
rs114578846
rs561080403
chr4:69919157G-T
rs183543850
chr4:69919293C-T
rs28801471
rs548173775
rs530646708
rs550377447
rs116538944
rs558868362
rs186736770
rs543921382
chr4:69919693A-G
rs559544174
rs528398564
rs550686339
rs570208411
rs192936328
rs535346356
rs185147234
rs568474587
rs137979177
rs72851348
rs572923056
rs186374863
rs530571006
rs189407257
rs532877175
rs559549382
rs180717542
rs372481521
rs537704644
rs570824948
rs539963674
rs186122585
rs190989180
rs541779705
rs369987327
rs575456575
rs183456101
rs563758553
rs186715552
rs559981082
rs528729951
rs192025487
rs79013872
rs375347260
rs547158740
rs566851514
rs535900610
rs115495560
rs575365170
rs537773830
rs141885085
rs146265819
rs138075742
rs6422322
chr4:69921398G-A
rs182133271
rs557930184
rs578066860
rs200513447
rs533797246
rs4307027
rs544819731
rs564626164
rs574103842
chr4:69922088C-T
rs560311324
rs529270009
rs531646834
rs551170002
chr4:69922233A-G
rs571076255
rs116196354
rs150643646
rs4583828
chr4:69922388G-C
rs201604671
chr4:69922409A-G
rs552869218
rs4235113
rs4554146
rs184384988
rs573996603
rs543010050
rs4343788
rs531708806
rs551434422
chr4:69922577T-C
rs4235114
rs527466336
rs547417646
rs567550900
rs4694591
chr4:69923003T-C
rs569638981
rs538765453
rs6833862
rs12508596
rs189168260
rs144660320
rs562564688
rs545132432
rs564911110
rs527542667
rs189619904
rs12507173
rs368394041
rs181228247
rs6600865
rs6600866
rs567732514
rs576069184
chr4:69923972C-T
rs558635774
rs572513942
rs532081778
rs142582692
rs190340525
rs58174838
rs79797688
rs77813208
rs150962550
rs765017693
rs567885288
rs181499519
rs556489060
rs377540095
rs538906907
rs186142920
rs572326109
rs541547374
chr4:69924949A-G
rs574729917
rs116224681
rs532461679
rs546090807
rs7438033
rs116709931
chr4:69925104G-C
rs568060627
rs138397731
rs569883266
rs190857544
rs552576680
rs145603060
rs10014355
rs75191348
rs201957854
rs149855137
rs546114301
rs72851362
rs115311782
chr4:69925475A-C
rs561310733
rs191713266
rs550235493
chr4:69925580C-G
rs184178060
rs535282723
rs138087878
rs573213751
rs557475583
rs187528752
rs553085988
rs142567014
rs561371694
rs148329406
rs563831922
rs185825720
rs528802692
rs548842415
rs568501128
rs577178936
rs180777225
rs570961417
rs566633748
chr4:69926418G-A
chr4:69926422G-C
rs556372947
chr4:69926548A-G
chr4:69926697G-T
rs28775401
rs573437290
rs540293599
rs559725203
rs528668460
rs116537499
rs562366181
rs75337015
rs570793522
rs533290157
rs190760471
rs187257959
rs187257959
rs139923090
rs557352629
chr4:69927097C-T
rs539987934
rs553821257
rs563703561
rs542444573
chr4:69927393A-C
rs182643105
rs186663978
rs564353452
rs4299663
chr4:69927523A-G
rs190093686
rs529305582
rs4413468
rs568682156
rs74837648
rs551638065
rs182680119
rs533779935
rs147329111
rs536319534
rs556020532
rs575886731
rs544958063
rs7662632
rs192218639
rs560250882
rs188925177
rs193110507
rs184271077
rs188480253
rs191714977
rs373723580
rs145831461
rs28821804
rs556279789
rs188753935
rs558026032
chr4:69928603G-C
chr4:69928617C-G
rs6820734
chr4:69928749T-G
rs542753762
rs34438793
rs545197335
rs564898131
rs567306630
rs569774107
rs11249521
rs558350250
rs556109411
chr4:69929045A-AAAAAAGG
chr4:69929047A-AAAAGAAAG
rs74940828
rs542615000
chr4:69929123A-G
rs556097466
rs373223398
rs565118324
rs527481542
rs541358163
rs561166703
rs182455438
rs60814050
rs569640560
chr4:69929493G-A
rs532260163
rs185358386
rs571849943
rs73823805
rs553901802
chr4:69929611A-G
rs569435598
rs536514637
rs191252291
rs576338044
rs142137952
chr4:69929741A-G
rs540874603
rs561028327
rs72851371
rs574804700
chr4:69929788A-AAG
rs112391559
chr4:69929814G-GAA
rs754723956
rs543716339
rs55725814
chr4:69929872G-C
chr4:69929923G-A
rs528147205
rs547600433
rs112148447
rs536577153
rs550047473
chr4:69930169G-C
rs572460853
rs554829554
rs574667148
rs577020526
rs188397962
rs529572230
chr4:69930525C-A
rs150163076
rs186685939
rs561182082
rs530223486
rs570259002
rs10025070
rs555089599
rs536832210
rs11945705
rs552723027
chr4:69931308G-A
rs369813587
rs183845910
rs532719932
rs376497493
rs528489567
rs188511286
chr4:69931810A-T
rs192711000
rs537507720
rs572555836
rs555081667
rs544220056
rs563796709
rs149297455
rs59970425
rs180724553
rs568596481
rs185121342
rs138358887
rs183224420
rs72851378
rs10033045
rs9991142
rs557739716
rs577614405
rs560123957
rs4434329
rs191691477
rs4259121
rs533209198
rs546471966
rs535241202
rs548778656
rs79124783
rs117029885
rs72642961
rs72851379
rs542401365
rs562268759
rs191066392
rs115775173
rs182098695
rs62296919
rs559978275
rs529155990
rs548915509
rs569025657
rs187767711
rs571275705
rs141590136
rs567121708
rs536151787
rs7441402
rs544504700
rs567152791
rs58077880
rs578235288
rs560113264
rs542499844
rs562668881
rs150025114
rs551302614
rs7439098
chr4:69934066T-C
rs4694159
rs556001380
rs569470458
rs192894029
rs4694596
rs4694597
rs115941164
rs4694160
rs188574224
rs76671179
rs184394821
rs189174000
rs7439419
rs549524687
rs538155747
rs7658748
rs76840712
rs140778336
rs536608298
rs183619692
rs543888406
rs60930838
rs189345775
rs56142573
rs7687336
rs7668373
rs7659138
rs529821518
rs549897736
rs7674573
rs140309377
rs117571392
rs7674600
rs60451127
rs11249522
rs547594441
rs77087824
rs150338410
rs58655780
rs539048970
rs72501227
rs28615825
rs72642963
rs545800316
rs181259013
chr4:69935824G-C
rs527982505
rs200385797
rs186229040
chr4:69936011A-G
rs7438042
rs372352562
rs376004486
rs538619657
rs558998744
rs534909169
rs4235115
rs558650015
rs143930107
rs114850176
rs545347294
rs528116230
rs4694599
rs186099826
rs530204118
rs74798454
rs570009729
rs4694602
rs4694603
rs183538859
rs539366942
rs536806506
rs4400060
rs187804222
rs552683968
rs369663466
rs561386631
rs190891359
rs4400061
rs4446390
rs532789757
chr4:69937090G-T
rs111909043
rs559909895
rs182938145
rs568219969
rs113554367
rs550643185
chr4:69937352A-G
rs537912245
rs552622274
rs191723982
rs556228199
rs77430191
rs575850181
rs58496756
rs528600711
rs548441592
rs7660019
rs7660021
rs7687692
rs116382689
rs144844418
rs115699502
rs7687725
rs555209257
rs187536403
rs4516791
rs148154188
rs557420802
rs4694604
rs4694605
rs28454605
rs28684869
rs190712349
rs558513192
rs4694606
rs4694607
rs116632077
rs568877926
rs537810959
rs571311578
rs573452290
rs542077596
rs555796339
rs4410590
rs544546047
rs533193145
rs181423821
rs560040049
rs114419747
rs568891405
rs531303720
rs528156650
rs533799881
rs4412058
rs13102089
rs115938490
rs555682376
rs575839068
rs537942763
rs557861933
rs577588916
rs569414022
rs559978227
rs573858217
rs542954999
rs7436912
rs551481164
rs7654272
rs6600867
rs567106642
rs535768173
rs11937195
rs562801288
rs200184215
rs11940103
rs11418782
rs542391950
rs186116582
rs190061160
rs576130382
rs545238772
rs79705388
rs80250795
rs547489316
rs529725684
rs549388321
rs560784992
rs182692371
rs534019495
rs72852416
rs567531880
rs114556241
rs545177509
rs187286893
rs78809548
rs78809548
rs12646327
rs12648808
rs562995762
rs74666184
rs571492287
rs7677996
rs117987846
rs567765323
rs540543056
rs183766723
rs570110621
rs564681653
rs554328805
rs369650317
rs112899361
rs76734938
rs145630244
rs193264686
rs6600868
rs6600868
rs6600869
rs6600870
rs539060237
rs534473750
rs554748695
rs574588467
rs148893289
rs532146561
rs536149525
rs145287042
rs28410179
rs12249033
rs7441365
rs7442394
rs563793167
rs184318060
rs566128111
rs188472277
rs150395224
rs568223919
rs536872429
rs556606204
rs538999071
rs113464712
rs572790134
rs541696022
rs561448098
rs55778959
rs532650933
rs552747964
rs559686093
chr4:69942481C-T
rs188737617
rs146146920
rs568281702
rs181511157
rs186977754
rs113506640
rs552681766
rs142136284
rs527995867
rs145973374
rs151336251
rs575039217
rs377000566
rs557581056
rs10030478
rs546298611
rs559616795
rs140219027
rs140219027
rs182554502
rs541870745
rs185932826
rs111746767
rs570294800
rs189814938
rs182465642
rs535387124
rs72852429
rs141777932
rs7673111
rs368135761
rs57562419
rs7691361
rs7691362
rs573262174
rs202065449
rs7673294
rs530845242
rs544077794
rs564059394
rs546487213
rs560145769
rs550638265
rs144360792
rs145772309
rs12499192
rs185366635
rs9993579
rs190128098
rs183287657
rs577517492
chr4:69943790T-C
rs193095406
rs140934646
rs531295665
rs7692377
rs571313600
rs539737478
rs61612343
rs566928227
rs536066448
rs370420131
rs7659987
chr4:69944052C-T
rs577655186
rs138261568
rs573720164
rs7679418
rs75749285
rs545167232
rs527307155
rs117957380
rs529425761
rs549168924
rs7666894
rs7680156
rs7698430
rs534214942
rs553742803
rs573885070
rs542605757
rs538616015
rs371898553
rs59314351
rs527255214
rs541027557
rs148413165
rs7657426
rs573716844
rs4694611
rs58965335
rs556524248
rs4694612
rs545236951
rs143376414
rs572109442
rs540815340
rs56879009
rs565179110
rs542886789
rs72852450
rs147219495
rs192929250
rs538007242
rs547610761
rs548763933
rs536664116
rs550063496
rs55644315
rs569972882
rs538789433
rs558712769
rs572187145
rs534699401
rs4632729
rs532374966
rs552151136
rs567088849
rs545337255
rs553717047
rs547839365
rs530072527
rs62296922
rs570110600
rs11934762
rs565845424
rs534533756
rs554609835
rs567819338
rs28712409
rs367974444
rs576467336
rs186396811
rs11249523
rs11249524
rs541272719
rs561315759
rs530212592
rs144427473
rs189372389
rs552417781
rs565846535
rs528244641
rs11249526
rs572221449
rs180691869
rs201078418
rs185125293
rs555191684
rs575119409
rs7674851
rs563793469
rs7679550
rs190077349
rs528366816
rs5859159
rs201021501
rs548501123
rs4478248
rs74935937
rs539369521
rs7680341
rs566501155
rs575058789
rs4587017
rs577263870
rs79029043
rs7680709
rs573219693
rs7699711
rs115766669
rs7686971
rs187782864
rs564350960
rs7699955
rs141230074
rs535455238
rs144941600
rs568774531
rs146885933
rs12643840
rs79596198
rs182119137
rs186944390
rs541832805
rs140700797
rs534177959
rs564108297
rs148152049
rs184988611
rs531216743
rs554573772
rs553154338
rs137957624
rs62296935
rs555329936
rs62296936
rs544078205
rs143440345
rs540430232
rs560136971
rs188303750
rs4443355
rs193035962
rs4131317
rs547166409
rs189177672
rs7436374
rs537862902
rs183617636
rs577871536
rs4540108
rs4640729
rs562589869
rs4522933
rs544993941
rs564772473
rs11932131
rs35297888
rs560289492
rs35749478
rs34762485
rs549030164
rs552843270
rs11938761
rs11935886
rs571587540
rs11937683
rs554131916
rs573847502
rs186370322
chr4:69949928C-T
rs181446136
rs545551535
rs146594701
rs111802902
rs529404783
rs186128292
rs117147888
rs200970218
rs541899384
rs571590110
rs7659306
rs116134734
rs536599409
rs6600871
rs140057180
rs116708285
rs558389490
rs4454000
rs550395290
rs4273534
rs542948350
rs571097372
rs531833974
rs183554226
rs56028004
rs370940327
rs146798363
rs59592861
rs182624101
rs558579420
rs7677434
rs554134807
rs145382711
rs201077663
rs7677611
rs143324413
rs576540533
rs77682254
rs377378717
rs4642304
rs561242448
rs530136906
rs76554522
rs555549925
rs188140210
rs534391630
rs555358664
rs567684756
rs536658766
rs4309908
rs545726631
rs368981744
rs572704023
rs4458521
rs561381116
rs192732079
rs4446391
rs138690295
rs62296937
rs192416123
rs184826063
rs538945019
rs190454395
rs13135225
rs555052642
rs73823851
rs180768917
rs7437174
rs559230779
rs528223313
rs376430014
rs570328344
rs181403504
rs566381145
rs535388155
rs150798532
rs186076285
rs6422323
rs138064350
rs6422324
rs28754965
rs552994572
rs6422325
rs114015800
rs561520675
rs543941344
rs532747586
rs538233278
rs566514226
rs79259525
rs568635985
rs181873007
rs6600874
rs554312770
rs578257621
rs35783431
rs192024879
rs541689781
chr4:69953507A-AG
rs6600875
rs377317969
rs6843382
rs533039263
rs540365505
rs186125282
rs528918783
rs144005750
rs531155283
rs553070129
rs566492015
rs191417295
rs74726194
rs575492965
rs4694169
rs187317942
rs76203731
rs573631852
rs146332520
rs562383948
rs4694171
rs551016477
rs182959124
rs139522849
rs114292486
rs569193189
rs554054996
rs532115223
rs151121067
rs11249527
rs6846298
rs189356200
rs11249528
rs549239362
rs572948746
rs151280356
rs569206021
rs537869168
rs551604631
rs540236738
rs540748346
rs534120360
rs563803168
rs184287811
rs555998502
rs147939345
rs544684486
rs558572911
rs55757747
rs56217918
rs560293386
rs529467726
rs188731309
rs55905314
rs181504061
rs7657423
rs547733726
rs567432700
rs536063673
rs7676472
rs569650914
rs186758729
rs551917079
rs145906411
rs138696491
rs554059510
rs74476790
rs542849078
rs190609612
rs7663584
rs545511795
rs11296710
rs148826008
rs527700885
rs530053215
rs182342636
rs7677390
rs553998175
rs574241792
rs536986939
rs556457523
rs572419285
rs541430746
rs146028877
rs6600876
rs185360226
rs74971799
rs556829857
rs6600877
rs539235724
rs544774597
rs559239326
rs4434330
rs541575686
rs561106067
rs574800412
rs190117829
rs756913379
rs193249200
rs545590688
rs369911962
rs74804868
rs184002503
rs187795942
rs111488854
rs550159361
rs191283243
chr4:69957820A-AT
rs115933429
rs139586945
rs11730928
rs555064319
rs574702377
rs115179596
rs557124728
rs576710009
rs545719304
chr4:69958119A-C
rs149989421
rs528285621
rs541517834
rs113605769
rs561822349
rs377337102
rs6600878
rs183863690
rs188482473
rs535241016
rs191925314
rs6819757
rs557301123
rs576847333
rs545658093
rs552857085
rs57216626
rs138844955
rs59415892
rs185285969
rs370533019
rs144249251
rs142479083
rs560093117
rs528831110
rs62296942
rs572997664
rs546595272
rs190108275
rs182329633
rs147955933
rs62296943
rs555518016
rs185423782
rs77141058
rs577666321
rs115821378
rs528767085
rs28458345
rs531020631
rs7437039
rs140163040
rs114180170
rs7439792
rs575358816
rs558031456
rs577804324
rs79423425
rs573570038
rs180682704
rs531281810
rs544388801
rs533228798
rs200486722
rs201342087
rs529282699
rs62296944
rs371994195
rs6600879
rs6600880
rs181455316
rs149033173
rs4554144
rs73823857
rs564309667
rs373455811
rs4538548
rs6600883
rs549099894
rs571424359
rs4455491
rs553979753
rs11940220
rs370943859
rs569370275
rs186874702
rs11940316
rs540427317
rs144889068
rs574035408
rs543136751
rs562713629
rs191723120
rs7438135
rs552987304
rs549861239
rs148028615
rs141910369
rs116572954
rs534542916
rs7662029
rs574200273
rs73823859
rs150638622
rs560884549
rs529910226
rs569411321
rs61361928
rs147538491
rs371114623
rs567705679
rs140153012
rs545544033
rs147120761
rs60103519
chr4:69962876A-G
rs142000539
rs532056621
rs138733571
rs551875805
rs565303073
rs528100451
rs535954378
rs12647681
rs12647682
rs570282614
rs539099174
rs12648462
rs572305500
rs79950077
rs573120200
rs186980003
rs574663740
rs543340267
rs112127865
rs563115801
rs58544196
rs528214390
rs184919823
rs552852362
rs566156360
rs28375964
rs77067460
rs538597992
rs188332769
rs572869992
rs541579188
rs530528831
rs550448738
rs73823860
rs552789129
rs185302178
rs7439326
rs59634653
rs7438244
rs59771610
rs558192037
rs28365062
rs553102091
rs182011163
rs7438284
rs7439366
rs575456073
rs544218603
rs79159896
rs116566014
rs559865555
rs7441750
rs548619217
rs7441774
rs530944020
rs188257375
rs181235580
rs28539948
rs566613850
rs186206661
rs7434332
rs72853561
rs200718332
chr4:69964993AAAAG-A
rs544351610
rs557758895
rs528830048
rs574301843
rs530881672
rs550673392
rs4293848
rs566643316
rs569094728
rs537906673
rs557899825
rs150945880
chr4:69965805GACCCCAGAGA-G;chr4:69965805GACCC-G
chr4:69965805GACCCCAGAGA-G;chr4:69965805GACCC-G
rs535163587
chr4:69965816T-C
rs186120058
rs111726104
rs572424486
rs369457225
rs7679184
rs531016686
rs12506962
rs35185848
rs78728235
rs183511038
rs80339055
rs529147350
rs549313724
rs144581403
rs186739034
rs190653817
rs529125844
rs553459384
rs146763395
chr4:69966374G-A
rs535730518
rs114256510
rs12512526
rs140436118
rs145543870
rs578018929
rs34386959
rs55834557
rs549254486
rs56388229
rs568852662
rs571439451
rs533615433
rs34318523
rs187800552
rs34630750
rs555780868
rs192931533
rs538173643
rs540117182
rs60394168
rs562906460
rs34302283
rs78408800
rs545335778
rs527482645
rs187527536
rs569334016
rs12508257
rs571702770
rs376860175
rs189382182
rs574168566
rs577112240
rs556561047
rs576512266
rs4314347
rs58878867
rs184482297
rs541204982
rs189398114
rs6600884
rs549481425
rs28675300
rs149509280
rs534260287
rs554323510
rs576652840
rs572281572
rs540988840
rs201798563
rs201434270
rs532119362
rs34407256
rs201602262
rs181656929
rs531386580
rs186354858
rs567811060
rs192310768
rs7439152
rs182393593
rs371793551
rs375011616
rs534878572
rs554447773
rs574439615
rs543205850
rs7442453
rs576851952
rs148314179
rs117043833
rs6858558
rs550374924
rs182630230
rs6600885
rs552400265
rs566017517
rs7375178
rs568000952
rs536978299
rs556712932
rs187308988
rs6600886
rs552786575
rs4694628
rs191939380
rs561693332
rs6600887
chr4:69969820C-T
rs182951520
rs563863661
rs6600888
rs6600889
rs528622782
rs6600890
rs556837775
rs570769047
rs553165441
rs572829231
rs541966703
rs555367519
rs575321334
rs544083275
rs527256840
chr4:69970373G-A
rs532882533
rs76482848
rs150689690
rs139887962
rs548295106
rs149814946
rs66698711
rs188581307
chr4:69970735G-C
rs535503197
rs575458157
rs10028494
rs3924192
rs143248219
rs200457644
rs3924193
rs559659801
rs573113089
rs562481560
rs3924194
rs530945569
rs75875847
rs566621825
rs7435335
rs193259754
rs577584171
rs150997702
rs573239262
rs10050146
rs561971586
rs6600891
rs7678656
rs578181958
rs72644315
rs529239473
rs79136930
rs531276777
rs7693957
rs571112442
rs141673678
rs566800939
rs113764820
rs7698645
rs529784770
rs544332938
rs7698846
rs560500194
rs12513195
rs542960146
rs374528003
rs562634487
rs571301224
rs4541594
rs4351080
rs138334303
rs4356974
rs549502930
rs558102129
rs578032405
rs554175079
rs111541856
rs5859161
rs562770571
rs75446752
rs181448385
rs5013211
rs4257713
rs569519019
rs4292394
rs4348159
rs571765031
rs534247356
rs4337789
rs536641365
rs556307486
rs11302069
rs72853597
rs6600892
rs565048565
chr4:69973409T-C
rs4521414
rs540873106
rs560640435
rs4314345
rs182594363
rs372595294
rs185863914
rs571768346
rs4588522
rs4364327
rs191158058
rs10022440
rs541946259
chr4:69973763C-A
rs369355939
rs61735558
rs543169852
rs563256432
rs57913007
rs200539544
rs528028669
rs547979452
rs377264995
rs114113997
rs538646487
rs558943640
rs141534478
rs371378236
rs141949682
rs35402056
rs576914676
rs545469768
rs527964973
chr4:69974432TTTA-T
rs7438942
rs550398360
rs532674058
rs552254933
rs554451666
rs568053011
rs557145747
rs545908447
rs572887351
rs541889008
rs77187366
rs543639165
rs563922720
rs532472465
rs528457543
rs548223134
rs537383795
rs139096930
rs79153297
rs7686056
rs573023079
rs149867566
rs555437127
rs574998729
rs544116518
rs567288195
rs577376980
rs528590389
rs4694177
rs576154850
rs530673360
rs371556722
rs570700355
rs67637716
rs12642938
rs555373790
rs145106329
rs557623518
rs577511842
rs545963703
rs553182607
rs9995928
rs375778982
rs142207556
rs151204251
rs564385580
rs533301361
rs546782927
rs114288043
rs528949401
rs183792730
rs537843787
rs369306231
rs571107721
rs539757105
rs138357199
rs573113167
rs555829061
rs116911809
rs142351692
rs150186260
rs560440160
rs540537608
rs138702123
rs548951652
rs568911551
rs570930870
rs527877187
rs536027020
rs10006452
rs10008743
rs560464552
rs542789323
rs7658752
rs551188182
rs138450721
rs566811169
rs201354412
rs569354249
rs147176472
rs185543933
rs534161446
rs554240518
rs142908027
rs190471811
rs146215904
rs576165032
