Building DAG of jobs...
Checking status of 0 jobs.
Using shell: /bin/bash
Provided cluster nodes: 8
Job counts:
	count	jobs
	3	ALL_ANALYZE_SUB
	3	ALL_ANALYZE_SUPER
	1	ALL_ANNOTATE
	1	ALL_COLLATE
	3	ALL_FILTER
	1	LIFTOVER
	3	TRIM_AND_NAME
	1	all
	16
Resources before job selection: {'_cores': 9223372036854775807, '_nodes': 8}
Ready jobs (1):
	LIFTOVER
Selected jobs (1):
	LIFTOVER
Resources after job selection: {'_cores': 9223372036854775806, '_nodes': 7}

[Sun Aug 30 16:10:00 2020]
rule LIFTOVER:
    input: rawData/1000g.map, rawData/1000g.ped
    output: Intermediates/LIFTOVER/1000g.bed, Intermediates/LIFTOVER/1000g.bim, Intermediates/LIFTOVER/1000g.fam, Intermediates/LIFTOVER/1000g_LIFTED.unlifted
    jobid: 17
    wildcards: sample=1000g
    resources: cpus=28, nodes=1, queue=long, walltime=900:00:00

Jobscript:
#!/bin/sh
# properties = {"type": "single", "rule": "LIFTOVER", "local": false, "input": ["rawData/1000g.map", "rawData/1000g.ped"], "output": ["Intermediates/LIFTOVER/1000g.bed", "Intermediates/LIFTOVER/1000g.bim", "Intermediates/LIFTOVER/1000g.fam", "Intermediates/LIFTOVER/1000g_LIFTED.unlifted"], "wildcards": {"sample": "1000g"}, "params": {"prefix": "Intermediates/LIFTOVER/1000g_LIFTED", "exclusionList": "Intermediates/LIFTOVER/1000g_EXCLUDE.dat", "chainFile": "Binaries/hg19ToHg38.over.chain", "LiftOver": "Binaries/liftOverPlink.py", "rmBadLifts": "Binaries/rmBadLifts.py"}, "log": [], "threads": 1, "resources": {"cpus": 28, "nodes": 1, "queue": "long", "walltime": "900:00:00"}, "jobid": 17, "cluster": {"cluster": "qsub", "queue": "normal", "nodes": 1, "ppn": 28, "walltime": "08:00:00", "jobs": 4}}
 cd /nlustre/users/graeme/pipeline-2020 && \
/apps/python-3.8.2/bin/python3.8 \
-m snakemake Intermediates/LIFTOVER/1000g.bed --snakefile /nlustre/users/graeme/pipeline-2020/Snakefile-Admixture \
--force -j --keep-target-files --keep-remote \
--wait-for-files /nlustre/users/graeme/pipeline-2020/.snakemake/tmp.6g_7xcq_ rawData/1000g.map rawData/1000g.ped --latency-wait 5 \
 --attempt 1 --force-use-threads \
--wrapper-prefix https://github.com/snakemake/snakemake-wrappers/raw/ \
   --allowed-rules LIFTOVER --nocolor --notemp --no-hooks --nolock \
--mode 2  && exit 0 || exit 1

Submitted job 17 with external jobid '172958.wonko.bi.up.ac.za'.
Checking status of 1 jobs.
Checking status of 1 jobs.
Checking status of 1 jobs.
Checking status of 1 jobs.
Checking status of 1 jobs.
Checking status of 1 jobs.
Checking status of 1 jobs.
Checking status of 1 jobs.
Checking status of 1 jobs.
Checking status of 1 jobs.
Checking status of 1 jobs.
Checking status of 1 jobs.
Checking status of 1 jobs.
Checking status of 1 jobs.
Checking status of 1 jobs.
Checking status of 1 jobs.
Checking status of 1 jobs.
Checking status of 1 jobs.
Checking status of 1 jobs.
Checking status of 1 jobs.
Checking status of 1 jobs.
Checking status of 1 jobs.
Checking status of 1 jobs.
Checking status of 1 jobs.
Checking status of 1 jobs.
Checking status of 1 jobs.
Checking status of 1 jobs.
Checking status of 1 jobs.
Checking status of 1 jobs.
Checking status of 1 jobs.
Checking status of 1 jobs.
Checking status of 1 jobs.
Checking status of 1 jobs.
Checking status of 1 jobs.
Checking status of 1 jobs.
Checking status of 1 jobs.
Checking status of 1 jobs.
Checking status of 1 jobs.
Checking status of 1 jobs.
Checking status of 1 jobs.
Checking status of 1 jobs.
Checking status of 1 jobs.
Checking status of 1 jobs.
Checking status of 1 jobs.
Checking status of 1 jobs.
Checking status of 1 jobs.
Checking status of 1 jobs.
Checking status of 1 jobs.
Checking status of 1 jobs.
Checking status of 1 jobs.
Checking status of 1 jobs.
Checking status of 1 jobs.
Checking status of 1 jobs.
Checking status of 1 jobs.
Checking status of 1 jobs.
Checking status of 1 jobs.
Checking status of 1 jobs.
Checking status of 1 jobs.
Checking status of 1 jobs.
Checking status of 1 jobs.
Checking status of 1 jobs.
Checking status of 1 jobs.
Checking status of 1 jobs.
Checking status of 1 jobs.
Checking status of 1 jobs.
Checking status of 1 jobs.
Checking status of 1 jobs.
Checking status of 1 jobs.
Checking status of 1 jobs.
Checking status of 1 jobs.
Checking status of 1 jobs.
Checking status of 1 jobs.
Checking status of 1 jobs.
Checking status of 1 jobs.
Checking status of 1 jobs.
Checking status of 1 jobs.
Checking status of 1 jobs.
Checking status of 1 jobs.
Checking status of 1 jobs.
Checking status of 1 jobs.
Checking status of 1 jobs.
Checking status of 1 jobs.
Checking status of 1 jobs.
Checking status of 1 jobs.
Checking status of 1 jobs.
Checking status of 1 jobs.
Checking status of 1 jobs.
Checking status of 1 jobs.
Checking status of 1 jobs.
Checking status of 1 jobs.
Checking status of 1 jobs.
Checking status of 1 jobs.
Checking status of 1 jobs.
Checking status of 1 jobs.
Checking status of 1 jobs.
Checking status of 1 jobs.
Checking status of 1 jobs.
Checking status of 1 jobs.
Checking status of 1 jobs.
Checking status of 1 jobs.
Checking status of 1 jobs.
Checking status of 1 jobs.
Checking status of 1 jobs.
Checking status of 1 jobs.
Checking status of 1 jobs.
Checking status of 1 jobs.
Checking status of 1 jobs.
Checking status of 1 jobs.
Checking status of 1 jobs.
Checking status of 1 jobs.
Checking status of 1 jobs.
Checking status of 1 jobs.
Checking status of 1 jobs.
Checking status of 1 jobs.
Checking status of 1 jobs.
Checking status of 1 jobs.
Checking status of 1 jobs.
Checking status of 1 jobs.
Checking status of 1 jobs.
Checking status of 1 jobs.
Checking status of 1 jobs.
Checking status of 1 jobs.
Checking status of 1 jobs.
Checking status of 1 jobs.
Checking status of 1 jobs.
Checking status of 1 jobs.
Checking status of 1 jobs.
Checking status of 1 jobs.
Checking status of 1 jobs.
Checking status of 1 jobs.
Checking status of 1 jobs.
Checking status of 1 jobs.
Checking status of 1 jobs.
Checking status of 1 jobs.
Checking status of 1 jobs.
Checking status of 1 jobs.
Checking status of 1 jobs.
Checking status of 1 jobs.
Checking status of 1 jobs.
Checking status of 1 jobs.
Checking status of 1 jobs.
Checking status of 1 jobs.
Checking status of 1 jobs.
Checking status of 1 jobs.
Checking status of 1 jobs.
Checking status of 1 jobs.
Checking status of 1 jobs.
Checking status of 1 jobs.
Checking status of 1 jobs.
Checking status of 1 jobs.
Checking status of 1 jobs.
Checking status of 1 jobs.
Checking status of 1 jobs.
Checking status of 1 jobs.
Checking status of 1 jobs.
Checking status of 1 jobs.
Checking status of 1 jobs.
Checking status of 1 jobs.
Checking status of 1 jobs.
Checking status of 1 jobs.
Checking status of 1 jobs.
Checking status of 1 jobs.
Checking status of 1 jobs.
Checking status of 1 jobs.
Checking status of 1 jobs.
Checking status of 1 jobs.
Checking status of 1 jobs.
Checking status of 1 jobs.
Checking status of 1 jobs.
Checking status of 1 jobs.
Checking status of 1 jobs.
Checking status of 1 jobs.
Checking status of 1 jobs.
Checking status of 1 jobs.
Checking status of 1 jobs.
Checking status of 1 jobs.
Checking status of 1 jobs.
Checking status of 1 jobs.
Checking status of 1 jobs.
Checking status of 1 jobs.
Checking status of 1 jobs.
Checking status of 1 jobs.
Checking status of 1 jobs.
Checking status of 1 jobs.
Checking status of 1 jobs.
Checking status of 1 jobs.
Checking status of 1 jobs.
Checking status of 1 jobs.
Checking status of 1 jobs.
Checking status of 1 jobs.
Checking status of 1 jobs.
Checking status of 1 jobs.
Checking status of 1 jobs.
Checking status of 1 jobs.
Checking status of 1 jobs.
Checking status of 1 jobs.
Checking status of 1 jobs.
Checking status of 1 jobs.
Checking status of 1 jobs.
Checking status of 1 jobs.
Checking status of 1 jobs.
Checking status of 1 jobs.
Checking status of 1 jobs.
Checking status of 1 jobs.
Checking status of 1 jobs.
Checking status of 1 jobs.
Checking status of 1 jobs.
Checking status of 1 jobs.
Checking status of 1 jobs.
Checking status of 1 jobs.
Checking status of 1 jobs.
Checking status of 1 jobs.
Checking status of 1 jobs.
Checking status of 1 jobs.
Checking status of 1 jobs.
Checking status of 1 jobs.
Checking status of 1 jobs.
Checking status of 1 jobs.
Checking status of 1 jobs.
Checking status of 1 jobs.
Checking status of 1 jobs.
Checking status of 1 jobs.
Checking status of 1 jobs.
Checking status of 1 jobs.
Checking status of 1 jobs.
Checking status of 1 jobs.
Checking status of 1 jobs.
Checking status of 1 jobs.
Checking status of 1 jobs.
Checking status of 1 jobs.
Checking status of 1 jobs.
Checking status of 1 jobs.
Checking status of 1 jobs.
Checking status of 1 jobs.
Checking status of 1 jobs.
Checking status of 1 jobs.
Checking status of 1 jobs.
Checking status of 1 jobs.
Checking status of 1 jobs.
Checking status of 1 jobs.
Checking status of 1 jobs.
Checking status of 1 jobs.
Checking status of 1 jobs.
Checking status of 1 jobs.
Checking status of 1 jobs.
Checking status of 1 jobs.
Checking status of 1 jobs.
Checking status of 1 jobs.
Checking status of 1 jobs.
Checking status of 1 jobs.
Checking status of 1 jobs.
Checking status of 1 jobs.
Checking status of 1 jobs.
Checking status of 1 jobs.
Checking status of 1 jobs.
Checking status of 1 jobs.
Checking status of 1 jobs.
Checking status of 1 jobs.
Checking status of 1 jobs.
Checking status of 1 jobs.
Checking status of 1 jobs.
Checking status of 1 jobs.
Checking status of 1 jobs.
Checking status of 1 jobs.
Checking status of 1 jobs.
Checking status of 1 jobs.
Checking status of 1 jobs.
Checking status of 1 jobs.
Checking status of 1 jobs.
Checking status of 1 jobs.
Checking status of 1 jobs.
Checking status of 1 jobs.
Checking status of 1 jobs.
Checking status of 1 jobs.
Checking status of 1 jobs.
Checking status of 1 jobs.
Checking status of 1 jobs.
Checking status of 1 jobs.
Checking status of 1 jobs.
Checking status of 1 jobs.
Checking status of 1 jobs.
Checking status of 1 jobs.
Checking status of 1 jobs.
Checking status of 1 jobs.
Checking status of 1 jobs.
Checking status of 1 jobs.
Checking status of 1 jobs.
Checking status of 1 jobs.
Checking status of 1 jobs.
Checking status of 1 jobs.
Checking status of 1 jobs.
Checking status of 1 jobs.
Checking status of 1 jobs.
Checking status of 1 jobs.
Checking status of 1 jobs.
Checking status of 1 jobs.
Checking status of 1 jobs.
Checking status of 1 jobs.
Checking status of 1 jobs.
Checking status of 1 jobs.
Checking status of 1 jobs.
Checking status of 1 jobs.
Checking status of 1 jobs.
Checking status of 1 jobs.
Checking status of 1 jobs.
Checking status of 1 jobs.
Checking status of 1 jobs.
Checking status of 1 jobs.
Checking status of 1 jobs.
Checking status of 1 jobs.
Checking status of 1 jobs.
Checking status of 1 jobs.
Checking status of 1 jobs.
Checking status of 1 jobs.
Checking status of 1 jobs.
Checking status of 1 jobs.
Checking status of 1 jobs.
Checking status of 1 jobs.
Checking status of 1 jobs.
Checking status of 1 jobs.
Checking status of 1 jobs.
Checking status of 1 jobs.
Checking status of 1 jobs.
Checking status of 1 jobs.
Checking status of 1 jobs.
Checking status of 1 jobs.
Checking status of 1 jobs.
Checking status of 1 jobs.
Checking status of 1 jobs.
Checking status of 1 jobs.
Checking status of 1 jobs.
Checking status of 1 jobs.
Checking status of 1 jobs.
Checking status of 1 jobs.
Checking status of 1 jobs.
Checking status of 1 jobs.
Checking status of 1 jobs.
Checking status of 1 jobs.
Checking status of 1 jobs.
Checking status of 1 jobs.
Checking status of 1 jobs.
Checking status of 1 jobs.
Checking status of 1 jobs.
Checking status of 1 jobs.
Checking status of 1 jobs.
Checking status of 1 jobs.
Checking status of 1 jobs.
Checking status of 1 jobs.
Checking status of 1 jobs.
Checking status of 1 jobs.
Checking status of 1 jobs.
Checking status of 1 jobs.
Checking status of 1 jobs.
Checking status of 1 jobs.
Checking status of 1 jobs.
Checking status of 1 jobs.
Checking status of 1 jobs.
Checking status of 1 jobs.
Checking status of 1 jobs.
Checking status of 1 jobs.
Checking status of 1 jobs.
Checking status of 1 jobs.
Checking status of 1 jobs.
Checking status of 1 jobs.
Checking status of 1 jobs.
Checking status of 1 jobs.
Checking status of 1 jobs.
Checking status of 1 jobs.
Checking status of 1 jobs.
Checking status of 1 jobs.
Checking status of 1 jobs.
Checking status of 1 jobs.
Checking status of 1 jobs.
Checking status of 1 jobs.
Checking status of 1 jobs.
Checking status of 1 jobs.
Checking status of 1 jobs.
Checking status of 1 jobs.
Checking status of 1 jobs.
Checking status of 1 jobs.
Checking status of 1 jobs.
Checking status of 1 jobs.
Checking status of 1 jobs.
Checking status of 1 jobs.
Checking status of 1 jobs.
Checking status of 1 jobs.
Checking status of 1 jobs.
Checking status of 1 jobs.
Checking status of 1 jobs.
Checking status of 1 jobs.
Checking status of 1 jobs.
Checking status of 1 jobs.
Checking status of 1 jobs.
Checking status of 1 jobs.
Checking status of 1 jobs.
Checking status of 1 jobs.
Checking status of 1 jobs.
Checking status of 1 jobs.
Checking status of 1 jobs.
Checking status of 1 jobs.
Checking status of 1 jobs.
Checking status of 1 jobs.
Checking status of 1 jobs.
Checking status of 1 jobs.
Checking status of 1 jobs.
Checking status of 1 jobs.
Checking status of 1 jobs.
Checking status of 1 jobs.
Checking status of 1 jobs.
Checking status of 1 jobs.
Checking status of 1 jobs.
Checking status of 1 jobs.
Checking status of 1 jobs.
Checking status of 1 jobs.
Checking status of 1 jobs.
Checking status of 1 jobs.
Checking status of 1 jobs.
Checking status of 1 jobs.
Checking status of 1 jobs.
Checking status of 1 jobs.
Checking status of 1 jobs.
Checking status of 1 jobs.
Checking status of 1 jobs.
Checking status of 1 jobs.
Checking status of 1 jobs.
Checking status of 1 jobs.
Checking status of 1 jobs.
Checking status of 1 jobs.
Checking status of 1 jobs.
Checking status of 1 jobs.
Checking status of 1 jobs.
Checking status of 1 jobs.
Checking status of 1 jobs.
Checking status of 1 jobs.
Checking status of 1 jobs.
Checking status of 1 jobs.
Checking status of 1 jobs.
Checking status of 1 jobs.
Checking status of 1 jobs.
Checking status of 1 jobs.
Checking status of 1 jobs.
Checking status of 1 jobs.
Checking status of 1 jobs.
Checking status of 1 jobs.
Checking status of 1 jobs.
Checking status of 1 jobs.
Checking status of 1 jobs.
Checking status of 1 jobs.
Checking status of 1 jobs.
Checking status of 1 jobs.
Checking status of 1 jobs.
Checking status of 1 jobs.
Checking status of 1 jobs.
Checking status of 1 jobs.
Checking status of 1 jobs.
Checking status of 1 jobs.
Checking status of 1 jobs.
Checking status of 1 jobs.
Checking status of 1 jobs.
Checking status of 1 jobs.
Checking status of 1 jobs.
Checking status of 1 jobs.
Checking status of 1 jobs.
Checking status of 1 jobs.
Checking status of 1 jobs.
Checking status of 1 jobs.
Checking status of 1 jobs.
Checking status of 1 jobs.
Checking status of 1 jobs.
Checking status of 1 jobs.
Checking status of 1 jobs.
Checking status of 1 jobs.
Checking status of 1 jobs.
Checking status of 1 jobs.
Checking status of 1 jobs.
Checking status of 1 jobs.
Checking status of 1 jobs.
Checking status of 1 jobs.
Checking status of 1 jobs.
Checking status of 1 jobs.
Checking status of 1 jobs.
Checking status of 1 jobs.
Checking status of 1 jobs.
Checking status of 1 jobs.
Checking status of 1 jobs.
Checking status of 1 jobs.
Checking status of 1 jobs.
Checking status of 1 jobs.
Checking status of 1 jobs.
Checking status of 1 jobs.
Checking status of 1 jobs.
Checking status of 1 jobs.
Checking status of 1 jobs.
Checking status of 1 jobs.
Checking status of 1 jobs.
Checking status of 1 jobs.
Checking status of 1 jobs.
Checking status of 1 jobs.
Checking status of 1 jobs.
Checking status of 1 jobs.
Checking status of 1 jobs.
Checking status of 1 jobs.
Checking status of 1 jobs.
Checking status of 1 jobs.
Checking status of 1 jobs.
Checking status of 1 jobs.
Checking status of 1 jobs.
Checking status of 1 jobs.
Checking status of 1 jobs.
Checking status of 1 jobs.
Checking status of 1 jobs.
Checking status of 1 jobs.
Checking status of 1 jobs.
Checking status of 1 jobs.
Checking status of 1 jobs.
Checking status of 1 jobs.
Checking status of 1 jobs.
Checking status of 1 jobs.
Checking status of 1 jobs.
Checking status of 1 jobs.
Checking status of 1 jobs.
Checking status of 1 jobs.
Checking status of 1 jobs.
Checking status of 1 jobs.
Checking status of 1 jobs.
Checking status of 1 jobs.
Checking status of 1 jobs.
Checking status of 1 jobs.
Checking status of 1 jobs.
Checking status of 1 jobs.
Checking status of 1 jobs.
Checking status of 1 jobs.
Checking status of 1 jobs.
Checking status of 1 jobs.
Checking status of 1 jobs.
Checking status of 1 jobs.
Checking status of 1 jobs.
Checking status of 1 jobs.
Checking status of 1 jobs.
Checking status of 1 jobs.
Checking status of 1 jobs.
Checking status of 1 jobs.
Checking status of 1 jobs.
Checking status of 1 jobs.
Checking status of 1 jobs.
Checking status of 1 jobs.
Checking status of 1 jobs.
Checking status of 1 jobs.
Checking status of 1 jobs.
Checking status of 1 jobs.
Checking status of 1 jobs.
Checking status of 1 jobs.
Checking status of 1 jobs.
Checking status of 1 jobs.
Checking status of 1 jobs.
Checking status of 1 jobs.
Checking status of 1 jobs.
Checking status of 1 jobs.
Checking status of 1 jobs.
Checking status of 1 jobs.
Checking status of 1 jobs.
Checking status of 1 jobs.
Checking status of 1 jobs.
Checking status of 1 jobs.
Checking status of 1 jobs.
Checking status of 1 jobs.
Checking status of 1 jobs.
Checking status of 1 jobs.
Checking status of 1 jobs.
Checking status of 1 jobs.
Checking status of 1 jobs.
Checking status of 1 jobs.
Checking status of 1 jobs.
Checking status of 1 jobs.
Checking status of 1 jobs.
Checking status of 1 jobs.
Checking status of 1 jobs.
Checking status of 1 jobs.
Checking status of 1 jobs.
Checking status of 1 jobs.
Checking status of 1 jobs.
Checking status of 1 jobs.
Checking status of 1 jobs.
Checking status of 1 jobs.
Checking status of 1 jobs.
Checking status of 1 jobs.
Checking status of 1 jobs.
Checking status of 1 jobs.
Checking status of 1 jobs.
Checking status of 1 jobs.
Checking status of 1 jobs.
Checking status of 1 jobs.
Checking status of 1 jobs.
Checking status of 1 jobs.
Checking status of 1 jobs.
Checking status of 1 jobs.
Checking status of 1 jobs.
Checking status of 1 jobs.
Checking status of 1 jobs.
Checking status of 1 jobs.
Checking status of 1 jobs.
Checking status of 1 jobs.
Checking status of 1 jobs.
Checking status of 1 jobs.
Checking status of 1 jobs.
Checking status of 1 jobs.
Checking status of 1 jobs.
Checking status of 1 jobs.
Checking status of 1 jobs.
Checking status of 1 jobs.
Checking status of 1 jobs.
Checking status of 1 jobs.
Checking status of 1 jobs.
Checking status of 1 jobs.
Checking status of 1 jobs.
Checking status of 1 jobs.
Checking status of 1 jobs.
Checking status of 1 jobs.
Checking status of 1 jobs.
Checking status of 1 jobs.
Checking status of 1 jobs.
Checking status of 1 jobs.
Checking status of 1 jobs.
Checking status of 1 jobs.
Checking status of 1 jobs.
Checking status of 1 jobs.
Checking status of 1 jobs.
Checking status of 1 jobs.
Checking status of 1 jobs.
Checking status of 1 jobs.
Checking status of 1 jobs.
Checking status of 1 jobs.
Checking status of 1 jobs.
Checking status of 1 jobs.
Checking status of 1 jobs.
Checking status of 1 jobs.
Checking status of 1 jobs.
Checking status of 1 jobs.
Checking status of 1 jobs.
Checking status of 1 jobs.
Checking status of 1 jobs.
Checking status of 1 jobs.
Checking status of 1 jobs.
Checking status of 1 jobs.
Checking status of 1 jobs.
Checking status of 1 jobs.
Checking status of 1 jobs.
Checking status of 1 jobs.
Checking status of 1 jobs.
Checking status of 1 jobs.
Checking status of 1 jobs.
Checking status of 1 jobs.
Checking status of 1 jobs.
Checking status of 1 jobs.
Checking status of 1 jobs.
Checking status of 1 jobs.
Checking status of 1 jobs.
Checking status of 1 jobs.
Checking status of 1 jobs.
Checking status of 1 jobs.
Checking status of 1 jobs.
Checking status of 1 jobs.
Checking status of 1 jobs.
Checking status of 1 jobs.
Checking status of 1 jobs.
Checking status of 1 jobs.
Checking status of 1 jobs.
Checking status of 1 jobs.
Checking status of 1 jobs.
Checking status of 1 jobs.
Checking status of 1 jobs.
Checking status of 1 jobs.
Checking status of 1 jobs.
Checking status of 1 jobs.
Checking status of 1 jobs.
Checking status of 1 jobs.
Checking status of 1 jobs.
Checking status of 1 jobs.
Checking status of 1 jobs.
Checking status of 1 jobs.
Checking status of 1 jobs.
Checking status of 1 jobs.
Checking status of 1 jobs.
Checking status of 1 jobs.
Checking status of 1 jobs.
Checking status of 1 jobs.
Checking status of 1 jobs.
Checking status of 1 jobs.
Checking status of 1 jobs.
Checking status of 1 jobs.
Checking status of 1 jobs.
Checking status of 1 jobs.
Checking status of 1 jobs.
Checking status of 1 jobs.
Checking status of 1 jobs.
Checking status of 1 jobs.
Checking status of 1 jobs.
Checking status of 1 jobs.
Checking status of 1 jobs.
Checking status of 1 jobs.
Checking status of 1 jobs.
Checking status of 1 jobs.
Checking status of 1 jobs.
Checking status of 1 jobs.
Checking status of 1 jobs.
Checking status of 1 jobs.
Checking status of 1 jobs.
Checking status of 1 jobs.
Checking status of 1 jobs.
Checking status of 1 jobs.
Checking status of 1 jobs.
Checking status of 1 jobs.
Checking status of 1 jobs.
Checking status of 1 jobs.
Checking status of 1 jobs.
Checking status of 1 jobs.
Checking status of 1 jobs.
Checking status of 1 jobs.
Checking status of 1 jobs.
Checking status of 1 jobs.
Checking status of 1 jobs.
Checking status of 1 jobs.
Checking status of 1 jobs.
Checking status of 1 jobs.
Checking status of 1 jobs.
Checking status of 1 jobs.
Checking status of 1 jobs.
Checking status of 1 jobs.
Checking status of 1 jobs.
Checking status of 1 jobs.
Checking status of 1 jobs.
Checking status of 1 jobs.
Checking status of 1 jobs.
Checking status of 1 jobs.
Checking status of 1 jobs.
Checking status of 1 jobs.
Checking status of 1 jobs.
Checking status of 1 jobs.
Checking status of 1 jobs.
Checking status of 1 jobs.
Checking status of 1 jobs.
Checking status of 1 jobs.
Checking status of 1 jobs.
Checking status of 1 jobs.
Checking status of 1 jobs.
Checking status of 1 jobs.
Checking status of 1 jobs.
Checking status of 1 jobs.
Checking status of 1 jobs.
Checking status of 1 jobs.
Checking status of 1 jobs.
Checking status of 1 jobs.
Checking status of 1 jobs.
Checking status of 1 jobs.
Checking status of 1 jobs.
Checking status of 1 jobs.
Checking status of 1 jobs.
Checking status of 1 jobs.
Checking status of 1 jobs.
Checking status of 1 jobs.
Checking status of 1 jobs.
Checking status of 1 jobs.
Checking status of 1 jobs.
Checking status of 1 jobs.
Checking status of 1 jobs.
Checking status of 1 jobs.
Checking status of 1 jobs.
Checking status of 1 jobs.
Checking status of 1 jobs.
Checking status of 1 jobs.
Checking status of 1 jobs.
Checking status of 1 jobs.
Checking status of 1 jobs.
Checking status of 1 jobs.
Checking status of 1 jobs.
Checking status of 1 jobs.
Checking status of 1 jobs.
Checking status of 1 jobs.
Checking status of 1 jobs.
Checking status of 1 jobs.
Checking status of 1 jobs.
Checking status of 1 jobs.
Checking status of 1 jobs.
Checking status of 1 jobs.
Checking status of 1 jobs.
Checking status of 1 jobs.
Checking status of 1 jobs.
Checking status of 1 jobs.
Checking status of 1 jobs.
Checking status of 1 jobs.
Checking status of 1 jobs.
Checking status of 1 jobs.
Checking status of 1 jobs.
Checking status of 1 jobs.
Checking status of 1 jobs.
Checking status of 1 jobs.
Checking status of 1 jobs.
Checking status of 1 jobs.
Checking status of 1 jobs.
Checking status of 1 jobs.
Checking status of 1 jobs.
Checking status of 1 jobs.
Checking status of 1 jobs.
Checking status of 1 jobs.
Checking status of 1 jobs.
Checking status of 1 jobs.
Checking status of 1 jobs.
Checking status of 1 jobs.
Checking status of 1 jobs.
Checking status of 1 jobs.
Checking status of 1 jobs.
Checking status of 1 jobs.
Checking status of 1 jobs.
Checking status of 1 jobs.
Checking status of 1 jobs.
Checking status of 1 jobs.
Checking status of 1 jobs.
Checking status of 1 jobs.
Checking status of 1 jobs.
Checking status of 1 jobs.
Checking status of 1 jobs.
Checking status of 1 jobs.
Checking status of 1 jobs.
Checking status of 1 jobs.
Checking status of 1 jobs.
Checking status of 1 jobs.
Checking status of 1 jobs.
Checking status of 1 jobs.
Checking status of 1 jobs.
Checking status of 1 jobs.
Checking status of 1 jobs.
Checking status of 1 jobs.
Checking status of 1 jobs.
Checking status of 1 jobs.
Checking status of 1 jobs.
Checking status of 1 jobs.
Checking status of 1 jobs.
Checking status of 1 jobs.
Checking status of 1 jobs.
Checking status of 1 jobs.
Checking status of 1 jobs.
Checking status of 1 jobs.
Checking status of 1 jobs.
Checking status of 1 jobs.
Checking status of 1 jobs.
Checking status of 1 jobs.
Checking status of 1 jobs.
Checking status of 1 jobs.
Checking status of 1 jobs.
Checking status of 1 jobs.
Checking status of 1 jobs.
Checking status of 1 jobs.
Checking status of 1 jobs.
Checking status of 1 jobs.
Checking status of 1 jobs.
Checking status of 1 jobs.
Checking status of 1 jobs.
Checking status of 1 jobs.
Checking status of 1 jobs.
Checking status of 1 jobs.
Checking status of 1 jobs.
Checking status of 1 jobs.
Checking status of 1 jobs.
Checking status of 1 jobs.
Checking status of 1 jobs.
Checking status of 1 jobs.
Checking status of 1 jobs.
Checking status of 1 jobs.
Checking status of 1 jobs.
Checking status of 1 jobs.
Checking status of 1 jobs.
Checking status of 1 jobs.
Checking status of 1 jobs.
Checking status of 1 jobs.
Checking status of 1 jobs.
Checking status of 1 jobs.
Checking status of 1 jobs.
Checking status of 1 jobs.
Checking status of 1 jobs.
Checking status of 1 jobs.
Checking status of 1 jobs.
Checking status of 1 jobs.
Checking status of 1 jobs.
Checking status of 1 jobs.
Checking status of 1 jobs.
Checking status of 1 jobs.
Checking status of 1 jobs.
Checking status of 1 jobs.
Checking status of 1 jobs.
Checking status of 1 jobs.
Checking status of 1 jobs.
Checking status of 1 jobs.
Checking status of 1 jobs.
Checking status of 1 jobs.
Checking status of 1 jobs.
Checking status of 1 jobs.
Checking status of 1 jobs.
Checking status of 1 jobs.
Checking status of 1 jobs.
Checking status of 1 jobs.
Checking status of 1 jobs.
Checking status of 1 jobs.
Checking status of 1 jobs.
Checking status of 1 jobs.
Checking status of 1 jobs.
Checking status of 1 jobs.
Checking status of 1 jobs.
Checking status of 1 jobs.
Checking status of 1 jobs.
Checking status of 1 jobs.
Checking status of 1 jobs.
Checking status of 1 jobs.
Checking status of 1 jobs.
Checking status of 1 jobs.
Checking status of 1 jobs.
Checking status of 1 jobs.
Checking status of 1 jobs.
Checking status of 1 jobs.
Checking status of 1 jobs.
Checking status of 1 jobs.
Checking status of 1 jobs.
Checking status of 1 jobs.
Checking status of 1 jobs.
Checking status of 1 jobs.
Checking status of 1 jobs.
Checking status of 1 jobs.
Checking status of 1 jobs.
Checking status of 1 jobs.
Checking status of 1 jobs.
Checking status of 1 jobs.
Checking status of 1 jobs.
Checking status of 1 jobs.
Checking status of 1 jobs.
Checking status of 1 jobs.
Checking status of 1 jobs.
Checking status of 1 jobs.
Checking status of 1 jobs.
Checking status of 1 jobs.
Checking status of 1 jobs.
Checking status of 1 jobs.
Checking status of 1 jobs.
Checking status of 1 jobs.
Checking status of 1 jobs.
Checking status of 1 jobs.
Checking status of 1 jobs.
Checking status of 1 jobs.
Checking status of 1 jobs.
Checking status of 1 jobs.
Checking status of 1 jobs.
Checking status of 1 jobs.
Checking status of 1 jobs.
Checking status of 1 jobs.
Checking status of 1 jobs.
Checking status of 1 jobs.
Checking status of 1 jobs.
Checking status of 1 jobs.
Checking status of 1 jobs.
Checking status of 1 jobs.
Checking status of 1 jobs.
Checking status of 1 jobs.
Checking status of 1 jobs.
Checking status of 1 jobs.
Checking status of 1 jobs.
Checking status of 1 jobs.
Checking status of 1 jobs.
Checking status of 1 jobs.
Checking status of 1 jobs.
Checking status of 1 jobs.
Checking status of 1 jobs.
Checking status of 1 jobs.
Checking status of 1 jobs.
Checking status of 1 jobs.
Checking status of 1 jobs.
Checking status of 1 jobs.
Checking status of 1 jobs.
Checking status of 1 jobs.
Checking status of 1 jobs.
Checking status of 1 jobs.
Checking status of 1 jobs.
Checking status of 1 jobs.
Checking status of 1 jobs.
Checking status of 1 jobs.
Checking status of 1 jobs.
Checking status of 1 jobs.
Checking status of 1 jobs.
Checking status of 1 jobs.
Checking status of 1 jobs.
Checking status of 1 jobs.
Checking status of 1 jobs.
Checking status of 1 jobs.
Checking status of 1 jobs.
Checking status of 1 jobs.
Checking status of 1 jobs.
Checking status of 1 jobs.
Checking status of 1 jobs.
Checking status of 1 jobs.
Checking status of 1 jobs.
Checking status of 1 jobs.
Checking status of 1 jobs.
Checking status of 1 jobs.
Checking status of 1 jobs.
Checking status of 1 jobs.
Checking status of 1 jobs.
Checking status of 1 jobs.
Checking status of 1 jobs.
Checking status of 1 jobs.
Checking status of 1 jobs.
Checking status of 1 jobs.
Checking status of 1 jobs.
Checking status of 1 jobs.
Checking status of 1 jobs.
Checking status of 1 jobs.
Checking status of 1 jobs.
Checking status of 1 jobs.
Checking status of 1 jobs.
Checking status of 1 jobs.
Checking status of 1 jobs.
Checking status of 1 jobs.
Checking status of 1 jobs.
Checking status of 1 jobs.
Checking status of 1 jobs.
Checking status of 1 jobs.
Checking status of 1 jobs.
Checking status of 1 jobs.
Checking status of 1 jobs.
Checking status of 1 jobs.
Checking status of 1 jobs.
Checking status of 1 jobs.
Checking status of 1 jobs.
Checking status of 1 jobs.
Checking status of 1 jobs.
Checking status of 1 jobs.
Checking status of 1 jobs.
Checking status of 1 jobs.
Checking status of 1 jobs.
Checking status of 1 jobs.
Checking status of 1 jobs.
Checking status of 1 jobs.
Checking status of 1 jobs.
Checking status of 1 jobs.
Checking status of 1 jobs.
Checking status of 1 jobs.
Checking status of 1 jobs.
Checking status of 1 jobs.
Checking status of 1 jobs.
Checking status of 1 jobs.
Checking status of 1 jobs.
Checking status of 1 jobs.
Checking status of 1 jobs.
Checking status of 1 jobs.
Checking status of 1 jobs.
Checking status of 1 jobs.
Checking status of 1 jobs.
Checking status of 1 jobs.
Checking status of 1 jobs.
Checking status of 1 jobs.
Checking status of 1 jobs.
Checking status of 1 jobs.
Checking status of 1 jobs.
Checking status of 1 jobs.
Checking status of 1 jobs.
Checking status of 1 jobs.
Checking status of 1 jobs.
Checking status of 1 jobs.
Checking status of 1 jobs.
Checking status of 1 jobs.
Checking status of 1 jobs.
Checking status of 1 jobs.
Checking status of 1 jobs.
Checking status of 1 jobs.
Checking status of 1 jobs.
Checking status of 1 jobs.
Checking status of 1 jobs.
Checking status of 1 jobs.
Checking status of 1 jobs.
Checking status of 1 jobs.
Checking status of 1 jobs.
Checking status of 1 jobs.
Checking status of 1 jobs.
Checking status of 1 jobs.
Checking status of 1 jobs.
Checking status of 1 jobs.
Checking status of 1 jobs.
Checking status of 1 jobs.
Checking status of 1 jobs.
Checking status of 1 jobs.
Checking status of 1 jobs.
Checking status of 1 jobs.
Checking status of 1 jobs.
Checking status of 1 jobs.
Checking status of 1 jobs.
Checking status of 1 jobs.
Checking status of 1 jobs.
Checking status of 1 jobs.
Checking status of 1 jobs.
Checking status of 1 jobs.
Checking status of 1 jobs.
Checking status of 1 jobs.
Checking status of 1 jobs.
Checking status of 1 jobs.
Checking status of 1 jobs.
Checking status of 1 jobs.
Checking status of 1 jobs.
Checking status of 1 jobs.
Checking status of 1 jobs.
Checking status of 1 jobs.
Checking status of 1 jobs.
Checking status of 1 jobs.
Checking status of 1 jobs.
Checking status of 1 jobs.
Checking status of 1 jobs.
Checking status of 1 jobs.
Checking status of 1 jobs.
Checking status of 1 jobs.
Checking status of 1 jobs.
Checking status of 1 jobs.
Checking status of 1 jobs.
Checking status of 1 jobs.
Checking status of 1 jobs.
Checking status of 1 jobs.
Checking status of 1 jobs.
Checking status of 1 jobs.
Checking status of 1 jobs.
Checking status of 1 jobs.
Checking status of 1 jobs.
Checking status of 1 jobs.
Checking status of 1 jobs.
Checking status of 1 jobs.
Checking status of 1 jobs.
Checking status of 1 jobs.
Checking status of 1 jobs.
Checking status of 1 jobs.
Checking status of 1 jobs.
Checking status of 1 jobs.
Checking status of 1 jobs.
Checking status of 1 jobs.
Checking status of 1 jobs.
Checking status of 1 jobs.
Checking status of 1 jobs.
Checking status of 1 jobs.
Checking status of 1 jobs.
Checking status of 1 jobs.
Checking status of 1 jobs.
Checking status of 1 jobs.
Checking status of 1 jobs.
Checking status of 1 jobs.
Checking status of 1 jobs.
Checking status of 1 jobs.
Checking status of 1 jobs.
Checking status of 1 jobs.
Checking status of 1 jobs.
Checking status of 1 jobs.
Checking status of 1 jobs.
Checking status of 1 jobs.
Checking status of 1 jobs.
Checking status of 1 jobs.
Checking status of 1 jobs.
Checking status of 1 jobs.
Checking status of 1 jobs.
Checking status of 1 jobs.
Checking status of 1 jobs.
Checking status of 1 jobs.
Checking status of 1 jobs.
Checking status of 1 jobs.
Checking status of 1 jobs.
Checking status of 1 jobs.
Checking status of 1 jobs.
Checking status of 1 jobs.
Checking status of 1 jobs.
Checking status of 1 jobs.
Checking status of 1 jobs.
Checking status of 1 jobs.
Checking status of 1 jobs.
Checking status of 1 jobs.
Checking status of 1 jobs.
Checking status of 1 jobs.
Checking status of 1 jobs.
Checking status of 1 jobs.
Checking status of 1 jobs.
Checking status of 1 jobs.
Checking status of 1 jobs.
Checking status of 1 jobs.
Checking status of 1 jobs.
Checking status of 1 jobs.
Checking status of 1 jobs.
Checking status of 1 jobs.
Checking status of 1 jobs.
Checking status of 1 jobs.
Checking status of 1 jobs.
Checking status of 1 jobs.
Checking status of 1 jobs.
Checking status of 1 jobs.
Checking status of 1 jobs.
Checking status of 1 jobs.
Checking status of 1 jobs.
Checking status of 1 jobs.
Checking status of 1 jobs.
Checking status of 1 jobs.
Checking status of 1 jobs.
Checking status of 1 jobs.
Checking status of 1 jobs.
Checking status of 1 jobs.
Checking status of 1 jobs.
Checking status of 1 jobs.
Checking status of 1 jobs.
Checking status of 1 jobs.
Checking status of 1 jobs.
Checking status of 1 jobs.
Checking status of 1 jobs.
Checking status of 1 jobs.
Checking status of 1 jobs.
Checking status of 1 jobs.
Checking status of 1 jobs.
Checking status of 1 jobs.
Checking status of 1 jobs.
Checking status of 1 jobs.
Checking status of 1 jobs.
Checking status of 1 jobs.
Checking status of 1 jobs.
Checking status of 1 jobs.
Checking status of 1 jobs.
Checking status of 1 jobs.
Checking status of 1 jobs.
Checking status of 1 jobs.
Checking status of 1 jobs.
Checking status of 1 jobs.
Checking status of 1 jobs.
Checking status of 1 jobs.
Checking status of 1 jobs.
Checking status of 1 jobs.
Checking status of 1 jobs.
Checking status of 1 jobs.
Checking status of 1 jobs.
Checking status of 1 jobs.
Checking status of 1 jobs.
Checking status of 1 jobs.
Checking status of 1 jobs.
Checking status of 1 jobs.
Checking status of 1 jobs.
Checking status of 1 jobs.
Checking status of 1 jobs.
Checking status of 1 jobs.
Checking status of 1 jobs.
Checking status of 1 jobs.
Checking status of 1 jobs.
Checking status of 1 jobs.
Checking status of 1 jobs.
Checking status of 1 jobs.
Checking status of 1 jobs.
Checking status of 1 jobs.
Checking status of 1 jobs.
Checking status of 1 jobs.
Checking status of 1 jobs.
Checking status of 1 jobs.
Checking status of 1 jobs.
Checking status of 1 jobs.
Checking status of 1 jobs.
Checking status of 1 jobs.
Checking status of 1 jobs.
Checking status of 1 jobs.
Checking status of 1 jobs.
Checking status of 1 jobs.
Checking status of 1 jobs.
Checking status of 1 jobs.
Checking status of 1 jobs.
Checking status of 1 jobs.
Checking status of 1 jobs.
Checking status of 1 jobs.
Checking status of 1 jobs.
Checking status of 1 jobs.
Checking status of 1 jobs.
Checking status of 1 jobs.
Checking status of 1 jobs.
Checking status of 1 jobs.
Checking status of 1 jobs.
Checking status of 1 jobs.
Checking status of 1 jobs.
Checking status of 1 jobs.
Checking status of 1 jobs.
Checking status of 1 jobs.
Checking status of 1 jobs.
Checking status of 1 jobs.
Checking status of 1 jobs.
Checking status of 1 jobs.
Checking status of 1 jobs.
Checking status of 1 jobs.
Checking status of 1 jobs.
Checking status of 1 jobs.
Checking status of 1 jobs.
Checking status of 1 jobs.
Checking status of 1 jobs.
Checking status of 1 jobs.
Checking status of 1 jobs.
Checking status of 1 jobs.
Checking status of 1 jobs.
Checking status of 1 jobs.
Checking status of 1 jobs.
Checking status of 1 jobs.
Checking status of 1 jobs.
Checking status of 1 jobs.
Checking status of 1 jobs.
Checking status of 1 jobs.
Checking status of 1 jobs.
Checking status of 1 jobs.
Checking status of 1 jobs.
Checking status of 1 jobs.
Checking status of 1 jobs.
Checking status of 1 jobs.
Checking status of 1 jobs.
Checking status of 1 jobs.
Checking status of 1 jobs.
Checking status of 1 jobs.
Checking status of 1 jobs.
Checking status of 1 jobs.
Checking status of 1 jobs.
Checking status of 1 jobs.
Checking status of 1 jobs.
Checking status of 1 jobs.
Checking status of 1 jobs.
Checking status of 1 jobs.
Checking status of 1 jobs.
Checking status of 1 jobs.
Checking status of 1 jobs.
Checking status of 1 jobs.
Checking status of 1 jobs.
Checking status of 1 jobs.
Checking status of 1 jobs.
Checking status of 1 jobs.
Checking status of 1 jobs.
Checking status of 1 jobs.
Checking status of 1 jobs.
Checking status of 1 jobs.
Checking status of 1 jobs.
Checking status of 1 jobs.
Checking status of 1 jobs.
Checking status of 1 jobs.
Checking status of 1 jobs.
Checking status of 1 jobs.
Checking status of 1 jobs.
Checking status of 1 jobs.
Checking status of 1 jobs.
Checking status of 1 jobs.
Checking status of 1 jobs.
Checking status of 1 jobs.
Checking status of 1 jobs.
Checking status of 1 jobs.
Checking status of 1 jobs.
Checking status of 1 jobs.
Checking status of 1 jobs.
Checking status of 1 jobs.
Checking status of 1 jobs.
Checking status of 1 jobs.
Checking status of 1 jobs.
Checking status of 1 jobs.
Checking status of 1 jobs.
Checking status of 1 jobs.
Checking status of 1 jobs.
Checking status of 1 jobs.
Checking status of 1 jobs.
Checking status of 1 jobs.
Checking status of 1 jobs.
Checking status of 1 jobs.
Checking status of 1 jobs.
Checking status of 1 jobs.
Checking status of 1 jobs.
Checking status of 1 jobs.
Checking status of 1 jobs.
Checking status of 1 jobs.
Checking status of 1 jobs.
Checking status of 1 jobs.
Checking status of 1 jobs.
Checking status of 1 jobs.
Checking status of 1 jobs.
Checking status of 1 jobs.
Checking status of 1 jobs.
Checking status of 1 jobs.
Checking status of 1 jobs.
Checking status of 1 jobs.
Checking status of 1 jobs.
Checking status of 1 jobs.
Checking status of 1 jobs.
Checking status of 1 jobs.
Checking status of 1 jobs.
Checking status of 1 jobs.
Checking status of 1 jobs.
Checking status of 1 jobs.
Checking status of 1 jobs.
Checking status of 1 jobs.
Checking status of 1 jobs.
Checking status of 1 jobs.
Checking status of 1 jobs.
Checking status of 1 jobs.
Checking status of 1 jobs.
Checking status of 1 jobs.
Checking status of 1 jobs.
Checking status of 1 jobs.
Checking status of 1 jobs.
Checking status of 1 jobs.
Checking status of 1 jobs.
Checking status of 1 jobs.
Checking status of 1 jobs.
Checking status of 1 jobs.
Checking status of 1 jobs.
Checking status of 1 jobs.
Checking status of 1 jobs.
Checking status of 1 jobs.
Checking status of 1 jobs.
Checking status of 1 jobs.
Checking status of 1 jobs.
Checking status of 1 jobs.
Checking status of 1 jobs.
Checking status of 1 jobs.
Checking status of 1 jobs.
Checking status of 1 jobs.
Checking status of 1 jobs.
Checking status of 1 jobs.
Checking status of 1 jobs.
Checking status of 1 jobs.
Checking status of 1 jobs.
Checking status of 1 jobs.
Checking status of 1 jobs.
Checking status of 1 jobs.
Checking status of 1 jobs.
Checking status of 1 jobs.
Checking status of 1 jobs.
Checking status of 1 jobs.
Checking status of 1 jobs.
Checking status of 1 jobs.
Checking status of 1 jobs.
Checking status of 1 jobs.
Checking status of 1 jobs.
Checking status of 1 jobs.
Checking status of 1 jobs.
Checking status of 1 jobs.
Checking status of 1 jobs.
Checking status of 1 jobs.
Checking status of 1 jobs.
Checking status of 1 jobs.
Checking status of 1 jobs.
Checking status of 1 jobs.
Checking status of 1 jobs.
Checking status of 1 jobs.
Checking status of 1 jobs.
Checking status of 1 jobs.
Checking status of 1 jobs.
Checking status of 1 jobs.
Checking status of 1 jobs.
Checking status of 1 jobs.
Checking status of 1 jobs.
Checking status of 1 jobs.
Checking status of 1 jobs.
Checking status of 1 jobs.
Checking status of 1 jobs.
Checking status of 1 jobs.
Checking status of 1 jobs.
Checking status of 1 jobs.
Checking status of 1 jobs.
Checking status of 1 jobs.
Checking status of 1 jobs.
Checking status of 1 jobs.
Checking status of 1 jobs.
Checking status of 1 jobs.
Checking status of 1 jobs.
Checking status of 1 jobs.
Checking status of 1 jobs.
Checking status of 1 jobs.
Checking status of 1 jobs.
Checking status of 1 jobs.
Checking status of 1 jobs.
Checking status of 1 jobs.
Checking status of 1 jobs.
Checking status of 1 jobs.
Checking status of 1 jobs.
Checking status of 1 jobs.
Checking status of 1 jobs.
Checking status of 1 jobs.
Checking status of 1 jobs.
Checking status of 1 jobs.
Checking status of 1 jobs.
Checking status of 1 jobs.
Checking status of 1 jobs.
Checking status of 1 jobs.
Checking status of 1 jobs.
Checking status of 1 jobs.
Checking status of 1 jobs.
Checking status of 1 jobs.
Checking status of 1 jobs.
Checking status of 1 jobs.
Checking status of 1 jobs.
Checking status of 1 jobs.
Checking status of 1 jobs.
Checking status of 1 jobs.
Checking status of 1 jobs.
Checking status of 1 jobs.
Checking status of 1 jobs.
Checking status of 1 jobs.
Checking status of 1 jobs.
Checking status of 1 jobs.
Checking status of 1 jobs.
Checking status of 1 jobs.
Checking status of 1 jobs.
Checking status of 1 jobs.
Checking status of 1 jobs.
Checking status of 1 jobs.
Checking status of 1 jobs.
Checking status of 1 jobs.
Checking status of 1 jobs.
Checking status of 1 jobs.
Checking status of 1 jobs.
Checking status of 1 jobs.
Checking status of 1 jobs.
Checking status of 1 jobs.
Checking status of 1 jobs.
Checking status of 1 jobs.
Checking status of 1 jobs.
Checking status of 1 jobs.
Checking status of 1 jobs.
Checking status of 1 jobs.
Checking status of 1 jobs.
Checking status of 1 jobs.
Checking status of 1 jobs.
Checking status of 1 jobs.
Checking status of 1 jobs.
Checking status of 1 jobs.
Checking status of 1 jobs.
Checking status of 1 jobs.
Checking status of 1 jobs.
Checking status of 1 jobs.
Checking status of 1 jobs.
Checking status of 1 jobs.
Checking status of 1 jobs.
Checking status of 1 jobs.
Checking status of 1 jobs.
Checking status of 1 jobs.
Checking status of 1 jobs.
Checking status of 1 jobs.
Checking status of 1 jobs.
Checking status of 1 jobs.
Checking status of 1 jobs.
Checking status of 1 jobs.
Checking status of 1 jobs.
Checking status of 1 jobs.
Checking status of 1 jobs.
Checking status of 1 jobs.
Checking status of 1 jobs.
Checking status of 1 jobs.
Checking status of 1 jobs.
Checking status of 1 jobs.
Checking status of 1 jobs.
Checking status of 1 jobs.
Checking status of 1 jobs.
Checking status of 1 jobs.
Checking status of 1 jobs.
Checking status of 1 jobs.
Checking status of 1 jobs.
Checking status of 1 jobs.
Checking status of 1 jobs.
Checking status of 1 jobs.
Checking status of 1 jobs.
Checking status of 1 jobs.
Checking status of 1 jobs.
Checking status of 1 jobs.
Checking status of 1 jobs.
Checking status of 1 jobs.
Checking status of 1 jobs.
Checking status of 1 jobs.
Checking status of 1 jobs.
Checking status of 1 jobs.
Checking status of 1 jobs.
Checking status of 1 jobs.
Checking status of 1 jobs.
Checking status of 1 jobs.
Checking status of 1 jobs.
Checking status of 1 jobs.
Checking status of 1 jobs.
Checking status of 1 jobs.
Checking status of 1 jobs.
Checking status of 1 jobs.
Checking status of 1 jobs.
Checking status of 1 jobs.
Checking status of 1 jobs.
Checking status of 1 jobs.
Checking status of 1 jobs.
Checking status of 1 jobs.
Checking status of 1 jobs.
Checking status of 1 jobs.
Checking status of 1 jobs.
Checking status of 1 jobs.
Checking status of 1 jobs.
Checking status of 1 jobs.
Checking status of 1 jobs.
Checking status of 1 jobs.
Checking status of 1 jobs.
Checking status of 1 jobs.
Checking status of 1 jobs.
Checking status of 1 jobs.
Checking status of 1 jobs.
Checking status of 1 jobs.
Checking status of 1 jobs.
Checking status of 1 jobs.
Checking status of 1 jobs.
Checking status of 1 jobs.
Checking status of 1 jobs.
Checking status of 1 jobs.
Checking status of 1 jobs.
Checking status of 1 jobs.
Checking status of 1 jobs.
Checking status of 1 jobs.
Checking status of 1 jobs.
Checking status of 1 jobs.
Checking status of 1 jobs.
Checking status of 1 jobs.
Checking status of 1 jobs.
Checking status of 1 jobs.
Checking status of 1 jobs.
Checking status of 1 jobs.
Checking status of 1 jobs.
Checking status of 1 jobs.
Checking status of 1 jobs.
Checking status of 1 jobs.
Checking status of 1 jobs.
Checking status of 1 jobs.
Checking status of 1 jobs.
Checking status of 1 jobs.
Checking status of 1 jobs.
Checking status of 1 jobs.
Checking status of 1 jobs.
Checking status of 1 jobs.
Checking status of 1 jobs.
Checking status of 1 jobs.
Checking status of 1 jobs.
Checking status of 1 jobs.
Checking status of 1 jobs.
Checking status of 1 jobs.
Checking status of 1 jobs.
Checking status of 1 jobs.
Checking status of 1 jobs.
Checking status of 1 jobs.
Checking status of 1 jobs.
Checking status of 1 jobs.
Checking status of 1 jobs.
Checking status of 1 jobs.
Checking status of 1 jobs.
Checking status of 1 jobs.
Checking status of 1 jobs.
Checking status of 1 jobs.
Checking status of 1 jobs.
Checking status of 1 jobs.
Checking status of 1 jobs.
Checking status of 1 jobs.
Checking status of 1 jobs.
Checking status of 1 jobs.
Checking status of 1 jobs.
Checking status of 1 jobs.
Checking status of 1 jobs.
Checking status of 1 jobs.
Checking status of 1 jobs.
Checking status of 1 jobs.
Checking status of 1 jobs.
Checking status of 1 jobs.
Checking status of 1 jobs.
Checking status of 1 jobs.
Checking status of 1 jobs.
Checking status of 1 jobs.
Checking status of 1 jobs.
Checking status of 1 jobs.
Checking status of 1 jobs.
Checking status of 1 jobs.
Checking status of 1 jobs.
Checking status of 1 jobs.
Checking status of 1 jobs.
Checking status of 1 jobs.
Checking status of 1 jobs.
Checking status of 1 jobs.
Checking status of 1 jobs.
Checking status of 1 jobs.
Checking status of 1 jobs.
Checking status of 1 jobs.
Checking status of 1 jobs.
Checking status of 1 jobs.
Checking status of 1 jobs.
Checking status of 1 jobs.
Checking status of 1 jobs.
Checking status of 1 jobs.
Checking status of 1 jobs.
Checking status of 1 jobs.
Checking status of 1 jobs.
Checking status of 1 jobs.
Checking status of 1 jobs.
Checking status of 1 jobs.
Checking status of 1 jobs.
Checking status of 1 jobs.
Checking status of 1 jobs.
Checking status of 1 jobs.
Checking status of 1 jobs.
Checking status of 1 jobs.
Checking status of 1 jobs.
Checking status of 1 jobs.
Checking status of 1 jobs.
Checking status of 1 jobs.
Checking status of 1 jobs.
Checking status of 1 jobs.
Checking status of 1 jobs.
Checking status of 1 jobs.
Checking status of 1 jobs.
Checking status of 1 jobs.
Checking status of 1 jobs.
Checking status of 1 jobs.
Checking status of 1 jobs.
Checking status of 1 jobs.
Checking status of 1 jobs.
Checking status of 1 jobs.
Checking status of 1 jobs.
Checking status of 1 jobs.
Checking status of 1 jobs.
Checking status of 1 jobs.
Checking status of 1 jobs.
Checking status of 1 jobs.
Checking status of 1 jobs.
Checking status of 1 jobs.
Checking status of 1 jobs.
Checking status of 1 jobs.
Checking status of 1 jobs.
Checking status of 1 jobs.
Checking status of 1 jobs.
Checking status of 1 jobs.
Checking status of 1 jobs.
Checking status of 1 jobs.
Checking status of 1 jobs.
Checking status of 1 jobs.
Checking status of 1 jobs.
Checking status of 1 jobs.
Checking status of 1 jobs.
Checking status of 1 jobs.
Checking status of 1 jobs.
Checking status of 1 jobs.
Checking status of 1 jobs.
Checking status of 1 jobs.
Checking status of 1 jobs.
Checking status of 1 jobs.
Checking status of 1 jobs.
Checking status of 1 jobs.
Checking status of 1 jobs.
Checking status of 1 jobs.
Checking status of 1 jobs.
Checking status of 1 jobs.
Checking status of 1 jobs.
Checking status of 1 jobs.
Checking status of 1 jobs.
Checking status of 1 jobs.
Checking status of 1 jobs.
Checking status of 1 jobs.
Checking status of 1 jobs.
Checking status of 1 jobs.
Checking status of 1 jobs.
Checking status of 1 jobs.
Checking status of 1 jobs.
Checking status of 1 jobs.
Checking status of 1 jobs.
Checking status of 1 jobs.
Checking status of 1 jobs.
Checking status of 1 jobs.
Checking status of 1 jobs.
Checking status of 1 jobs.
Checking status of 1 jobs.
Checking status of 1 jobs.
Checking status of 1 jobs.
Checking status of 1 jobs.
Checking status of 1 jobs.
Checking status of 1 jobs.
Checking status of 1 jobs.
Checking status of 1 jobs.
Checking status of 1 jobs.
Checking status of 1 jobs.
Checking status of 1 jobs.
Checking status of 1 jobs.
Checking status of 1 jobs.
Checking status of 1 jobs.
=>> PBS: job killed: walltime 18027 exceeded limit 18000
Will exit after finishing currently running jobs.
Checking status of 1 jobs.
